24-12-15.11:44:55.127 [main            ] INFO  Application            - Starting Application using Java 1.8.0_40 on guo with PID 28816 (D:\hoduan1\big-mark\big-mark-app\target\classes started by 11148476 in D:\hoduan1\big-mark)
24-12-15.11:44:55.127 [main            ] INFO  Application            - The following 1 profile is active: "dev"
24-12-15.11:44:55.714 [main            ] INFO  RepositoryConfigurationDelegate - Multiple Spring Data modules found, entering strict repository configuration mode
24-12-15.11:44:55.715 [main            ] INFO  RepositoryConfigurationDelegate - Bootstrapping Spring Data Redis repositories in DEFAULT mode.
24-12-15.11:44:55.737 [main            ] INFO  RepositoryConfigurationDelegate - Finished Spring Data repository scanning in 11 ms. Found 0 Redis repository interfaces.
24-12-15.11:44:56.068 [main            ] INFO  TomcatWebServer        - Tomcat initialized with port(s): 8091 (http)
24-12-15.11:44:56.073 [main            ] INFO  Http11NioProtocol      - Initializing ProtocolHandler ["http-nio-8091"]
24-12-15.11:44:56.074 [main            ] INFO  StandardService        - Starting service [Tomcat]
24-12-15.11:44:56.074 [main            ] INFO  StandardEngine         - Starting Servlet engine: [Apache Tomcat/9.0.75]
24-12-15.11:44:56.177 [main            ] INFO  [/]                    - Initializing Spring embedded WebApplicationContext
24-12-15.11:44:56.177 [main            ] INFO  ServletWebServerApplicationContext - Root WebApplicationContext: initialization completed in 1035 ms
24-12-15.11:44:56.399 [main            ] INFO  Version                - Redisson 3.23.4
24-12-15.11:44:56.767 [redisson-netty-2-5] INFO  MasterPubSubConnectionPool - 1 connections initialized for 127.0.0.1/127.0.0.1:6379
24-12-15.11:44:56.777 [redisson-netty-2-13] INFO  MasterConnectionPool   - 5 connections initialized for 127.0.0.1/127.0.0.1:6379
24-12-15.11:44:57.397 [main            ] INFO  EndpointLinksResolver  - Exposing 1 endpoint(s) beneath base path '/actuator'
24-12-15.11:44:57.418 [main            ] INFO  Http11NioProtocol      - Starting ProtocolHandler ["http-nio-8091"]
24-12-15.11:44:57.425 [main            ] INFO  TomcatWebServer        - Tomcat started on port(s): 8091 (http) with context path ''
24-12-15.11:44:57.434 [main            ] INFO  Application            - Started Application in 2.557 seconds (JVM running for 3.189)
24-12-15.11:44:58.286 [RMI TCP Connection(3)-192.168.31.83] INFO  [/]                    - Initializing Spring DispatcherServlet 'dispatcherServlet'
24-12-15.11:44:58.286 [RMI TCP Connection(3)-192.168.31.83] INFO  DispatcherServlet      - Initializing Servlet 'dispatcherServlet'
24-12-15.11:44:58.287 [RMI TCP Connection(2)-192.168.31.83] INFO  HikariDataSource       - HikariPool-1 - Starting...
24-12-15.11:44:58.287 [RMI TCP Connection(3)-192.168.31.83] INFO  DispatcherServlet      - Completed initialization in 1 ms
24-12-15.11:44:58.446 [RMI TCP Connection(2)-192.168.31.83] INFO  HikariDataSource       - HikariPool-1 - Start completed.
24-12-15.11:52:38.816 [SpringApplicationShutdownHook] INFO  HikariDataSource       - HikariPool-1 - Shutdown initiated...
24-12-15.11:52:38.820 [SpringApplicationShutdownHook] INFO  HikariDataSource       - HikariPool-1 - Shutdown completed.
24-12-15.11:52:44.061 [main            ] INFO  Application            - Starting Application using Java 1.8.0_40 on guo with PID 29360 (D:\hoduan1\big-mark\big-mark-app\target\classes started by 11148476 in D:\hoduan1\big-mark)
24-12-15.11:52:44.061 [main            ] INFO  Application            - The following 1 profile is active: "dev"
24-12-15.11:52:44.585 [main            ] INFO  RepositoryConfigurationDelegate - Multiple Spring Data modules found, entering strict repository configuration mode
24-12-15.11:52:44.586 [main            ] INFO  RepositoryConfigurationDelegate - Bootstrapping Spring Data Redis repositories in DEFAULT mode.
24-12-15.11:52:44.607 [main            ] INFO  RepositoryConfigurationDelegate - Finished Spring Data repository scanning in 11 ms. Found 0 Redis repository interfaces.
24-12-15.11:52:44.922 [main            ] INFO  TomcatWebServer        - Tomcat initialized with port(s): 8091 (http)
24-12-15.11:52:44.927 [main            ] INFO  Http11NioProtocol      - Initializing ProtocolHandler ["http-nio-8091"]
24-12-15.11:52:44.928 [main            ] INFO  StandardService        - Starting service [Tomcat]
24-12-15.11:52:44.928 [main            ] INFO  StandardEngine         - Starting Servlet engine: [Apache Tomcat/9.0.75]
24-12-15.11:52:45.018 [main            ] INFO  [/]                    - Initializing Spring embedded WebApplicationContext
24-12-15.11:52:45.018 [main            ] INFO  ServletWebServerApplicationContext - Root WebApplicationContext: initialization completed in 942 ms
24-12-15.11:52:45.255 [main            ] INFO  Version                - Redisson 3.23.4
24-12-15.11:52:45.616 [redisson-netty-2-4] INFO  MasterPubSubConnectionPool - 1 connections initialized for 127.0.0.1/127.0.0.1:6379
24-12-15.11:52:45.626 [redisson-netty-2-13] INFO  MasterConnectionPool   - 5 connections initialized for 127.0.0.1/127.0.0.1:6379
24-12-15.11:52:46.221 [main            ] INFO  EndpointLinksResolver  - Exposing 1 endpoint(s) beneath base path '/actuator'
24-12-15.11:52:46.241 [main            ] INFO  Http11NioProtocol      - Starting ProtocolHandler ["http-nio-8091"]
24-12-15.11:52:46.248 [main            ] INFO  TomcatWebServer        - Tomcat started on port(s): 8091 (http) with context path ''
24-12-15.11:52:46.258 [main            ] INFO  Application            - Started Application in 2.427 seconds (JVM running for 2.999)
24-12-15.11:52:46.804 [RMI TCP Connection(2)-192.168.31.83] INFO  [/]                    - Initializing Spring DispatcherServlet 'dispatcherServlet'
24-12-15.11:52:46.804 [RMI TCP Connection(2)-192.168.31.83] INFO  DispatcherServlet      - Initializing Servlet 'dispatcherServlet'
24-12-15.11:52:46.804 [RMI TCP Connection(1)-192.168.31.83] INFO  HikariDataSource       - HikariPool-1 - Starting...
24-12-15.11:52:46.805 [RMI TCP Connection(2)-192.168.31.83] INFO  DispatcherServlet      - Completed initialization in 1 ms
24-12-15.11:52:46.945 [RMI TCP Connection(1)-192.168.31.83] INFO  HikariDataSource       - HikariPool-1 - Start completed.
24-12-15.11:52:52.992 [SpringApplicationShutdownHook] INFO  HikariDataSource       - HikariPool-1 - Shutdown initiated...
24-12-15.11:52:52.997 [SpringApplicationShutdownHook] INFO  HikariDataSource       - HikariPool-1 - Shutdown completed.
24-12-15.11:52:55.332 [main            ] INFO  Application            - Starting Application using Java 1.8.0_40 on guo with PID 17592 (D:\hoduan1\big-mark\big-mark-app\target\classes started by 11148476 in D:\hoduan1\big-mark)
24-12-15.11:52:55.333 [main            ] INFO  Application            - The following 1 profile is active: "dev"
24-12-15.11:52:55.966 [main            ] INFO  RepositoryConfigurationDelegate - Multiple Spring Data modules found, entering strict repository configuration mode
24-12-15.11:52:55.968 [main            ] INFO  RepositoryConfigurationDelegate - Bootstrapping Spring Data Redis repositories in DEFAULT mode.
24-12-15.11:52:55.994 [main            ] INFO  RepositoryConfigurationDelegate - Finished Spring Data repository scanning in 13 ms. Found 0 Redis repository interfaces.
24-12-15.11:52:56.376 [main            ] INFO  TomcatWebServer        - Tomcat initialized with port(s): 8091 (http)
24-12-15.11:52:56.381 [main            ] INFO  Http11NioProtocol      - Initializing ProtocolHandler ["http-nio-8091"]
24-12-15.11:52:56.382 [main            ] INFO  StandardService        - Starting service [Tomcat]
24-12-15.11:52:56.382 [main            ] INFO  StandardEngine         - Starting Servlet engine: [Apache Tomcat/9.0.75]
24-12-15.11:52:56.527 [main            ] INFO  [/]                    - Initializing Spring embedded WebApplicationContext
24-12-15.11:52:56.527 [main            ] INFO  ServletWebServerApplicationContext - Root WebApplicationContext: initialization completed in 1165 ms
24-12-15.11:52:59.835 [main            ] INFO  Version                - Redisson 3.23.4
24-12-15.11:53:00.377 [redisson-netty-2-4] INFO  MasterPubSubConnectionPool - 1 connections initialized for 127.0.0.1/127.0.0.1:6379
24-12-15.11:53:00.388 [redisson-netty-2-13] INFO  MasterConnectionPool   - 5 connections initialized for 127.0.0.1/127.0.0.1:6379
24-12-15.11:53:02.033 [main            ] INFO  EndpointLinksResolver  - Exposing 1 endpoint(s) beneath base path '/actuator'
24-12-15.11:53:02.068 [main            ] INFO  Http11NioProtocol      - Starting ProtocolHandler ["http-nio-8091"]
24-12-15.11:53:02.081 [main            ] INFO  TomcatWebServer        - Tomcat started on port(s): 8091 (http) with context path ''
24-12-15.11:53:02.095 [main            ] INFO  Application            - Started Application in 7.084 seconds (JVM running for 7.883)
24-12-15.11:53:02.916 [RMI TCP Connection(5)-192.168.31.83] INFO  [/]                    - Initializing Spring DispatcherServlet 'dispatcherServlet'
24-12-15.11:53:02.916 [RMI TCP Connection(5)-192.168.31.83] INFO  DispatcherServlet      - Initializing Servlet 'dispatcherServlet'
24-12-15.11:53:02.917 [RMI TCP Connection(5)-192.168.31.83] INFO  DispatcherServlet      - Completed initialization in 1 ms
24-12-15.11:53:02.920 [RMI TCP Connection(4)-192.168.31.83] INFO  HikariDataSource       - HikariPool-1 - Starting...
24-12-15.11:53:03.272 [RMI TCP Connection(4)-192.168.31.83] INFO  HikariDataSource       - HikariPool-1 - Start completed.
24-12-15.11:55:06.116 [SpringApplicationShutdownHook] INFO  HikariDataSource       - HikariPool-1 - Shutdown initiated...
24-12-15.11:55:06.123 [SpringApplicationShutdownHook] INFO  HikariDataSource       - HikariPool-1 - Shutdown completed.
24-12-15.11:55:12.160 [main            ] INFO  Application            - Starting Application using Java 1.8.0_40 on guo with PID 34248 (D:\hoduan1\big-mark\big-mark-app\target\classes started by 11148476 in D:\hoduan1\big-mark)
24-12-15.11:55:12.161 [main            ] INFO  Application            - The following 1 profile is active: "dev"
24-12-15.11:55:12.794 [main            ] INFO  RepositoryConfigurationDelegate - Multiple Spring Data modules found, entering strict repository configuration mode
24-12-15.11:55:12.795 [main            ] INFO  RepositoryConfigurationDelegate - Bootstrapping Spring Data Redis repositories in DEFAULT mode.
24-12-15.11:55:12.818 [main            ] INFO  RepositoryConfigurationDelegate - Finished Spring Data repository scanning in 12 ms. Found 0 Redis repository interfaces.
24-12-15.11:55:13.214 [main            ] INFO  TomcatWebServer        - Tomcat initialized with port(s): 8091 (http)
24-12-15.11:55:13.219 [main            ] INFO  Http11NioProtocol      - Initializing ProtocolHandler ["http-nio-8091"]
24-12-15.11:55:13.220 [main            ] INFO  StandardService        - Starting service [Tomcat]
24-12-15.11:55:13.220 [main            ] INFO  StandardEngine         - Starting Servlet engine: [Apache Tomcat/9.0.75]
24-12-15.11:55:13.362 [main            ] INFO  [/]                    - Initializing Spring embedded WebApplicationContext
24-12-15.11:55:13.362 [main            ] INFO  ServletWebServerApplicationContext - Root WebApplicationContext: initialization completed in 1174 ms
24-12-15.11:55:13.574 [main            ] INFO  Version                - Redisson 3.23.4
24-12-15.11:55:13.985 [redisson-netty-2-4] INFO  MasterPubSubConnectionPool - 1 connections initialized for 127.0.0.1/127.0.0.1:6379
24-12-15.11:55:13.993 [redisson-netty-2-13] INFO  MasterConnectionPool   - 5 connections initialized for 127.0.0.1/127.0.0.1:6379
24-12-15.11:55:15.670 [main            ] INFO  EndpointLinksResolver  - Exposing 1 endpoint(s) beneath base path '/actuator'
24-12-15.11:55:15.706 [main            ] INFO  Http11NioProtocol      - Starting ProtocolHandler ["http-nio-8091"]
24-12-15.11:55:15.720 [main            ] INFO  TomcatWebServer        - Tomcat started on port(s): 8091 (http) with context path ''
24-12-15.11:55:15.750 [main            ] INFO  Application            - Started Application in 3.909 seconds (JVM running for 4.633)
24-12-15.11:55:16.216 [RMI TCP Connection(2)-192.168.31.83] INFO  [/]                    - Initializing Spring DispatcherServlet 'dispatcherServlet'
24-12-15.11:55:16.216 [RMI TCP Connection(2)-192.168.31.83] INFO  DispatcherServlet      - Initializing Servlet 'dispatcherServlet'
24-12-15.11:55:16.217 [RMI TCP Connection(2)-192.168.31.83] INFO  DispatcherServlet      - Completed initialization in 1 ms
24-12-15.11:55:16.218 [RMI TCP Connection(1)-192.168.31.83] INFO  HikariDataSource       - HikariPool-1 - Starting...
24-12-15.11:55:16.590 [RMI TCP Connection(1)-192.168.31.83] INFO  HikariDataSource       - HikariPool-1 - Start completed.
24-12-15.11:55:23.959 [scheduling-1    ] INFO  UpdateAwardStockJob    - 定时任务，更新奖品消耗库存【延迟队列获取，降低对数据库的更新频次，不要产生竞争】
24-12-15.11:55:24.104 [scheduling-1    ] ERROR UpdateAwardStockJob    - 定时任务，更新奖品消耗库存失败
java.lang.ClassCastException: com.alibaba.fastjson.JSONObject cannot be cast to com.gjy.domain.strategy.model.valobj.StrategyAwardStockKeyVO
	at com.gjy.infrastructure.persistent.repository.StrategyRepository.takeQueueValue(StrategyRepository.java:235)
	at com.gjy.infrastructure.persistent.repository.StrategyRepository$$FastClassBySpringCGLIB$$ee9f2250.invoke(<generated>)
	at org.springframework.cglib.proxy.MethodProxy.invoke(MethodProxy.java:218)
	at org.springframework.aop.framework.CglibAopProxy$CglibMethodInvocation.invokeJoinpoint(CglibAopProxy.java:793)
	at org.springframework.aop.framework.ReflectiveMethodInvocation.proceed(ReflectiveMethodInvocation.java:163)
	at org.springframework.aop.framework.CglibAopProxy$CglibMethodInvocation.proceed(CglibAopProxy.java:763)
	at org.springframework.dao.support.PersistenceExceptionTranslationInterceptor.invoke(PersistenceExceptionTranslationInterceptor.java:137)
	at org.springframework.aop.framework.ReflectiveMethodInvocation.proceed(ReflectiveMethodInvocation.java:186)
	at org.springframework.aop.framework.CglibAopProxy$CglibMethodInvocation.proceed(CglibAopProxy.java:763)
	at org.springframework.aop.framework.CglibAopProxy$DynamicAdvisedInterceptor.intercept(CglibAopProxy.java:708)
	at com.gjy.infrastructure.persistent.repository.StrategyRepository$$EnhancerBySpringCGLIB$$9d851a0.takeQueueValue(<generated>)
	at com.gjy.domain.strategy.service.raffle.DefaultRaffleStrategy.takeQueueValue(DefaultRaffleStrategy.java:51)
	at com.gjy.trigger.job.UpdateAwardStockJob.exec(UpdateAwardStockJob.java:27)
	at sun.reflect.NativeMethodAccessorImpl.invoke0(Native Method)
	at sun.reflect.NativeMethodAccessorImpl.invoke(NativeMethodAccessorImpl.java:62)
	at sun.reflect.DelegatingMethodAccessorImpl.invoke(DelegatingMethodAccessorImpl.java:43)
	at java.lang.reflect.Method.invoke(Method.java:497)
	at org.springframework.scheduling.support.ScheduledMethodRunnable.run(ScheduledMethodRunnable.java:84)
	at org.springframework.scheduling.support.DelegatingErrorHandlingRunnable.run(DelegatingErrorHandlingRunnable.java:54)
	at org.springframework.scheduling.concurrent.ReschedulingRunnable.run(ReschedulingRunnable.java:95)
	at java.util.concurrent.Executors$RunnableAdapter.call(Executors.java:511)
	at java.util.concurrent.FutureTask.run$$$capture(FutureTask.java:266)
	at java.util.concurrent.FutureTask.run(FutureTask.java)
	at java.util.concurrent.ScheduledThreadPoolExecutor$ScheduledFutureTask.access$201(ScheduledThreadPoolExecutor.java:180)
	at java.util.concurrent.ScheduledThreadPoolExecutor$ScheduledFutureTask.run(ScheduledThreadPoolExecutor.java:293)
	at java.util.concurrent.ThreadPoolExecutor.runWorker(ThreadPoolExecutor.java:1142)
	at java.util.concurrent.ThreadPoolExecutor$Worker.run(ThreadPoolExecutor.java:617)
	at java.lang.Thread.run(Thread.java:745)
24-12-15.11:55:25.002 [scheduling-1    ] INFO  UpdateAwardStockJob    - 定时任务，更新奖品消耗库存【延迟队列获取，降低对数据库的更新频次，不要产生竞争】
24-12-15.11:55:25.007 [scheduling-1    ] ERROR UpdateAwardStockJob    - 定时任务，更新奖品消耗库存失败
java.lang.ClassCastException: com.alibaba.fastjson.JSONObject cannot be cast to com.gjy.domain.strategy.model.valobj.StrategyAwardStockKeyVO
	at com.gjy.infrastructure.persistent.repository.StrategyRepository.takeQueueValue(StrategyRepository.java:235)
	at com.gjy.infrastructure.persistent.repository.StrategyRepository$$FastClassBySpringCGLIB$$ee9f2250.invoke(<generated>)
	at org.springframework.cglib.proxy.MethodProxy.invoke(MethodProxy.java:218)
	at org.springframework.aop.framework.CglibAopProxy$CglibMethodInvocation.invokeJoinpoint(CglibAopProxy.java:793)
	at org.springframework.aop.framework.ReflectiveMethodInvocation.proceed(ReflectiveMethodInvocation.java:163)
	at org.springframework.aop.framework.CglibAopProxy$CglibMethodInvocation.proceed(CglibAopProxy.java:763)
	at org.springframework.dao.support.PersistenceExceptionTranslationInterceptor.invoke(PersistenceExceptionTranslationInterceptor.java:137)
	at org.springframework.aop.framework.ReflectiveMethodInvocation.proceed(ReflectiveMethodInvocation.java:186)
	at org.springframework.aop.framework.CglibAopProxy$CglibMethodInvocation.proceed(CglibAopProxy.java:763)
	at org.springframework.aop.framework.CglibAopProxy$DynamicAdvisedInterceptor.intercept(CglibAopProxy.java:708)
	at com.gjy.infrastructure.persistent.repository.StrategyRepository$$EnhancerBySpringCGLIB$$9d851a0.takeQueueValue(<generated>)
	at com.gjy.domain.strategy.service.raffle.DefaultRaffleStrategy.takeQueueValue(DefaultRaffleStrategy.java:51)
	at com.gjy.trigger.job.UpdateAwardStockJob.exec(UpdateAwardStockJob.java:27)
	at sun.reflect.NativeMethodAccessorImpl.invoke0(Native Method)
	at sun.reflect.NativeMethodAccessorImpl.invoke(NativeMethodAccessorImpl.java:62)
	at sun.reflect.DelegatingMethodAccessorImpl.invoke(DelegatingMethodAccessorImpl.java:43)
	at java.lang.reflect.Method.invoke(Method.java:497)
	at org.springframework.scheduling.support.ScheduledMethodRunnable.run(ScheduledMethodRunnable.java:84)
	at org.springframework.scheduling.support.DelegatingErrorHandlingRunnable.run(DelegatingErrorHandlingRunnable.java:54)
	at org.springframework.scheduling.concurrent.ReschedulingRunnable.run(ReschedulingRunnable.java:95)
	at java.util.concurrent.Executors$RunnableAdapter.call(Executors.java:511)
	at java.util.concurrent.FutureTask.run$$$capture(FutureTask.java:266)
	at java.util.concurrent.FutureTask.run(FutureTask.java)
	at java.util.concurrent.ScheduledThreadPoolExecutor$ScheduledFutureTask.access$201(ScheduledThreadPoolExecutor.java:180)
	at java.util.concurrent.ScheduledThreadPoolExecutor$ScheduledFutureTask.run(ScheduledThreadPoolExecutor.java:293)
	at java.util.concurrent.ThreadPoolExecutor.runWorker(ThreadPoolExecutor.java:1142)
	at java.util.concurrent.ThreadPoolExecutor$Worker.run(ThreadPoolExecutor.java:617)
	at java.lang.Thread.run(Thread.java:745)
24-12-15.11:55:30.009 [scheduling-1    ] INFO  UpdateAwardStockJob    - 定时任务，更新奖品消耗库存【延迟队列获取，降低对数据库的更新频次，不要产生竞争】
24-12-15.11:55:35.005 [scheduling-1    ] INFO  UpdateAwardStockJob    - 定时任务，更新奖品消耗库存【延迟队列获取，降低对数据库的更新频次，不要产生竞争】
24-12-15.11:55:40.006 [scheduling-1    ] INFO  UpdateAwardStockJob    - 定时任务，更新奖品消耗库存【延迟队列获取，降低对数据库的更新频次，不要产生竞争】
24-12-15.11:55:45.002 [scheduling-1    ] INFO  UpdateAwardStockJob    - 定时任务，更新奖品消耗库存【延迟队列获取，降低对数据库的更新频次，不要产生竞争】
24-12-15.11:55:50.010 [scheduling-1    ] INFO  UpdateAwardStockJob    - 定时任务，更新奖品消耗库存【延迟队列获取，降低对数据库的更新频次，不要产生竞争】
24-12-15.11:55:55.006 [scheduling-1    ] INFO  UpdateAwardStockJob    - 定时任务，更新奖品消耗库存【延迟队列获取，降低对数据库的更新频次，不要产生竞争】
24-12-15.11:56:00.005 [scheduling-1    ] INFO  UpdateAwardStockJob    - 定时任务，更新奖品消耗库存【延迟队列获取，降低对数据库的更新频次，不要产生竞争】
24-12-15.11:56:05.008 [scheduling-1    ] INFO  UpdateAwardStockJob    - 定时任务，更新奖品消耗库存【延迟队列获取，降低对数据库的更新频次，不要产生竞争】
24-12-15.11:56:10.016 [scheduling-1    ] INFO  UpdateAwardStockJob    - 定时任务，更新奖品消耗库存【延迟队列获取，降低对数据库的更新频次，不要产生竞争】
24-12-15.11:56:15.009 [scheduling-1    ] INFO  UpdateAwardStockJob    - 定时任务，更新奖品消耗库存【延迟队列获取，降低对数据库的更新频次，不要产生竞争】
24-12-15.11:56:20.014 [scheduling-1    ] INFO  UpdateAwardStockJob    - 定时任务，更新奖品消耗库存【延迟队列获取，降低对数据库的更新频次，不要产生竞争】
24-12-15.11:56:25.003 [scheduling-1    ] INFO  UpdateAwardStockJob    - 定时任务，更新奖品消耗库存【延迟队列获取，降低对数据库的更新频次，不要产生竞争】
24-12-15.11:56:30.014 [scheduling-1    ] INFO  UpdateAwardStockJob    - 定时任务，更新奖品消耗库存【延迟队列获取，降低对数据库的更新频次，不要产生竞争】
24-12-15.11:56:37.111 [SpringApplicationShutdownHook] INFO  HikariDataSource       - HikariPool-1 - Shutdown initiated...
24-12-15.11:56:37.118 [SpringApplicationShutdownHook] INFO  HikariDataSource       - HikariPool-1 - Shutdown completed.
24-12-15.13:12:08.248 [main            ] INFO  Application            - Starting Application using Java 1.8.0_40 on guo with PID 24228 (D:\hoduan1\big-mark\big-mark-app\target\classes started by 11148476 in D:\hoduan1\big-mark)
24-12-15.13:12:08.249 [main            ] INFO  Application            - The following 1 profile is active: "dev"
24-12-15.13:12:08.919 [main            ] INFO  RepositoryConfigurationDelegate - Multiple Spring Data modules found, entering strict repository configuration mode
24-12-15.13:12:08.921 [main            ] INFO  RepositoryConfigurationDelegate - Bootstrapping Spring Data Redis repositories in DEFAULT mode.
24-12-15.13:12:08.941 [main            ] INFO  RepositoryConfigurationDelegate - Finished Spring Data repository scanning in 12 ms. Found 0 Redis repository interfaces.
24-12-15.13:12:09.261 [main            ] INFO  TomcatWebServer        - Tomcat initialized with port(s): 8091 (http)
24-12-15.13:12:09.265 [main            ] INFO  Http11NioProtocol      - Initializing ProtocolHandler ["http-nio-8091"]
24-12-15.13:12:09.266 [main            ] INFO  StandardService        - Starting service [Tomcat]
24-12-15.13:12:09.266 [main            ] INFO  StandardEngine         - Starting Servlet engine: [Apache Tomcat/9.0.75]
24-12-15.13:12:09.355 [main            ] INFO  [/]                    - Initializing Spring embedded WebApplicationContext
24-12-15.13:12:09.355 [main            ] INFO  ServletWebServerApplicationContext - Root WebApplicationContext: initialization completed in 1083 ms
24-12-15.13:12:09.577 [main            ] INFO  Version                - Redisson 3.23.4
24-12-15.13:12:09.958 [redisson-netty-2-4] INFO  MasterPubSubConnectionPool - 1 connections initialized for 127.0.0.1/127.0.0.1:6379
24-12-15.13:12:09.968 [redisson-netty-2-13] INFO  MasterConnectionPool   - 5 connections initialized for 127.0.0.1/127.0.0.1:6379
24-12-15.13:12:10.387 [main            ] WARN  AnnotationConfigServletWebServerApplicationContext - Exception encountered during context initialization - cancelling refresh attempt: org.springframework.beans.factory.BeanCreationException: Error creating bean with name 'requestMappingHandlerMapping' defined in class path resource [org/springframework/boot/autoconfigure/web/servlet/WebMvcAutoConfiguration$EnableWebMvcConfiguration.class]: Invocation of init method failed; nested exception is java.lang.IllegalStateException: Invalid mapping on handler class [com.gjy.trigger.http.RaffleController]: public com.gjy.types.model.Response com.gjy.trigger.http.RaffleController.strategyArmory(java.lang.Long)
24-12-15.13:12:10.402 [main            ] INFO  StandardService        - Stopping service [Tomcat]
24-12-15.13:12:10.412 [main            ] INFO  ConditionEvaluationReportLoggingListener - 

Error starting ApplicationContext. To display the conditions report re-run your application with 'debug' enabled.
24-12-15.13:12:10.431 [main            ] ERROR SpringApplication      - Application run failed
org.springframework.beans.factory.BeanCreationException: Error creating bean with name 'requestMappingHandlerMapping' defined in class path resource [org/springframework/boot/autoconfigure/web/servlet/WebMvcAutoConfiguration$EnableWebMvcConfiguration.class]: Invocation of init method failed; nested exception is java.lang.IllegalStateException: Invalid mapping on handler class [com.gjy.trigger.http.RaffleController]: public com.gjy.types.model.Response com.gjy.trigger.http.RaffleController.strategyArmory(java.lang.Long)
	at org.springframework.beans.factory.support.AbstractAutowireCapableBeanFactory.initializeBean(AbstractAutowireCapableBeanFactory.java:1804)
	at org.springframework.beans.factory.support.AbstractAutowireCapableBeanFactory.doCreateBean(AbstractAutowireCapableBeanFactory.java:620)
	at org.springframework.beans.factory.support.AbstractAutowireCapableBeanFactory.createBean(AbstractAutowireCapableBeanFactory.java:542)
	at org.springframework.beans.factory.support.AbstractBeanFactory.lambda$doGetBean$0(AbstractBeanFactory.java:335)
	at org.springframework.beans.factory.support.AbstractBeanFactory$$Lambda$215/1047478056.getObject(Unknown Source)
	at org.springframework.beans.factory.support.DefaultSingletonBeanRegistry.getSingleton(DefaultSingletonBeanRegistry.java:234)
	at org.springframework.beans.factory.support.AbstractBeanFactory.doGetBean(AbstractBeanFactory.java:333)
	at org.springframework.beans.factory.support.AbstractBeanFactory.getBean(AbstractBeanFactory.java:208)
	at org.springframework.beans.factory.support.DefaultListableBeanFactory.preInstantiateSingletons(DefaultListableBeanFactory.java:955)
	at org.springframework.context.support.AbstractApplicationContext.finishBeanFactoryInitialization(AbstractApplicationContext.java:920)
	at org.springframework.context.support.AbstractApplicationContext.refresh(AbstractApplicationContext.java:583)
	at org.springframework.boot.web.servlet.context.ServletWebServerApplicationContext.refresh(ServletWebServerApplicationContext.java:147)
	at org.springframework.boot.SpringApplication.refresh(SpringApplication.java:731)
	at org.springframework.boot.SpringApplication.refreshContext(SpringApplication.java:408)
	at org.springframework.boot.SpringApplication.run(SpringApplication.java:307)
	at org.springframework.boot.SpringApplication.run(SpringApplication.java:1303)
	at org.springframework.boot.SpringApplication.run(SpringApplication.java:1292)
	at com.gjy.Application.main(Application.java:14)
Caused by: java.lang.IllegalStateException: Invalid mapping on handler class [com.gjy.trigger.http.RaffleController]: public com.gjy.types.model.Response com.gjy.trigger.http.RaffleController.strategyArmory(java.lang.Long)
	at org.springframework.web.servlet.handler.AbstractHandlerMethodMapping.lambda$detectHandlerMethods$1(AbstractHandlerMethodMapping.java:288)
	at org.springframework.web.servlet.handler.AbstractHandlerMethodMapping$$Lambda$825/1951783627.inspect(Unknown Source)
	at org.springframework.core.MethodIntrospector.lambda$selectMethods$0(MethodIntrospector.java:74)
	at org.springframework.core.MethodIntrospector$$Lambda$393/891175246.doWith(Unknown Source)
	at org.springframework.util.ReflectionUtils.doWithMethods(ReflectionUtils.java:367)
	at org.springframework.core.MethodIntrospector.selectMethods(MethodIntrospector.java:72)
	at org.springframework.web.servlet.handler.AbstractHandlerMethodMapping.detectHandlerMethods(AbstractHandlerMethodMapping.java:281)
	at org.springframework.web.servlet.handler.AbstractHandlerMethodMapping.processCandidateBean(AbstractHandlerMethodMapping.java:266)
	at org.springframework.web.servlet.handler.AbstractHandlerMethodMapping.initHandlerMethods(AbstractHandlerMethodMapping.java:225)
	at org.springframework.web.servlet.handler.AbstractHandlerMethodMapping.afterPropertiesSet(AbstractHandlerMethodMapping.java:213)
	at org.springframework.web.servlet.mvc.method.annotation.RequestMappingHandlerMapping.afterPropertiesSet(RequestMappingHandlerMapping.java:205)
	at org.springframework.beans.factory.support.AbstractAutowireCapableBeanFactory.invokeInitMethods(AbstractAutowireCapableBeanFactory.java:1863)
	at org.springframework.beans.factory.support.AbstractAutowireCapableBeanFactory.initializeBean(AbstractAutowireCapableBeanFactory.java:1800)
	... 17 common frames omitted
Caused by: java.lang.IllegalArgumentException: Could not resolve placeholder 'app.config.api-version' in value "/api/${app.config.api-version}/raffle/"
	at org.springframework.util.PropertyPlaceholderHelper.parseStringValue(PropertyPlaceholderHelper.java:180)
	at org.springframework.util.PropertyPlaceholderHelper.replacePlaceholders(PropertyPlaceholderHelper.java:126)
	at org.springframework.core.env.AbstractPropertyResolver.doResolvePlaceholders(AbstractPropertyResolver.java:239)
	at org.springframework.core.env.AbstractPropertyResolver.resolveRequiredPlaceholders(AbstractPropertyResolver.java:210)
	at org.springframework.context.support.PropertySourcesPlaceholderConfigurer.lambda$processProperties$0(PropertySourcesPlaceholderConfigurer.java:191)
	at org.springframework.context.support.PropertySourcesPlaceholderConfigurer$$Lambda$345/96453207.resolveStringValue(Unknown Source)
	at org.springframework.beans.factory.support.AbstractBeanFactory.resolveEmbeddedValue(AbstractBeanFactory.java:936)
	at org.springframework.beans.factory.config.EmbeddedValueResolver.resolveStringValue(EmbeddedValueResolver.java:54)
	at org.springframework.web.servlet.mvc.method.annotation.RequestMappingHandlerMapping.resolveEmbeddedValuesInPatterns(RequestMappingHandlerMapping.java:393)
	at org.springframework.web.servlet.mvc.method.annotation.RequestMappingHandlerMapping.createRequestMappingInfo(RequestMappingHandlerMapping.java:369)
	at org.springframework.web.servlet.mvc.method.annotation.RequestMappingHandlerMapping.createRequestMappingInfo(RequestMappingHandlerMapping.java:324)
	at org.springframework.web.servlet.mvc.method.annotation.RequestMappingHandlerMapping.getMappingForMethod(RequestMappingHandlerMapping.java:286)
	at org.springframework.web.servlet.mvc.method.annotation.RequestMappingHandlerMapping.getMappingForMethod(RequestMappingHandlerMapping.java:76)
	at org.springframework.web.servlet.handler.AbstractHandlerMethodMapping.lambda$detectHandlerMethods$1(AbstractHandlerMethodMapping.java:284)
	... 29 common frames omitted
24-12-15.13:15:55.125 [main            ] INFO  Application            - Starting Application using Java 1.8.0_40 on guo with PID 10408 (D:\hoduan1\big-mark\big-mark-app\target\classes started by 11148476 in D:\hoduan1\big-mark)
24-12-15.13:15:55.126 [main            ] INFO  Application            - The following 1 profile is active: "dev"
24-12-15.13:15:55.644 [main            ] INFO  RepositoryConfigurationDelegate - Multiple Spring Data modules found, entering strict repository configuration mode
24-12-15.13:15:55.645 [main            ] INFO  RepositoryConfigurationDelegate - Bootstrapping Spring Data Redis repositories in DEFAULT mode.
24-12-15.13:15:55.665 [main            ] INFO  RepositoryConfigurationDelegate - Finished Spring Data repository scanning in 12 ms. Found 0 Redis repository interfaces.
24-12-15.13:15:55.977 [main            ] INFO  TomcatWebServer        - Tomcat initialized with port(s): 8091 (http)
24-12-15.13:15:55.982 [main            ] INFO  Http11NioProtocol      - Initializing ProtocolHandler ["http-nio-8091"]
24-12-15.13:15:55.983 [main            ] INFO  StandardService        - Starting service [Tomcat]
24-12-15.13:15:55.983 [main            ] INFO  StandardEngine         - Starting Servlet engine: [Apache Tomcat/9.0.75]
24-12-15.13:15:56.079 [main            ] INFO  [/]                    - Initializing Spring embedded WebApplicationContext
24-12-15.13:15:56.079 [main            ] INFO  ServletWebServerApplicationContext - Root WebApplicationContext: initialization completed in 927 ms
24-12-15.13:15:56.294 [main            ] INFO  Version                - Redisson 3.23.4
24-12-15.13:15:56.693 [redisson-netty-2-4] INFO  MasterPubSubConnectionPool - 1 connections initialized for 127.0.0.1/127.0.0.1:6379
24-12-15.13:15:56.701 [redisson-netty-2-13] INFO  MasterConnectionPool   - 5 connections initialized for 127.0.0.1/127.0.0.1:6379
24-12-15.13:15:57.345 [main            ] INFO  EndpointLinksResolver  - Exposing 1 endpoint(s) beneath base path '/actuator'
24-12-15.13:15:57.364 [main            ] INFO  Http11NioProtocol      - Starting ProtocolHandler ["http-nio-8091"]
24-12-15.13:15:57.370 [main            ] INFO  TomcatWebServer        - Tomcat started on port(s): 8091 (http) with context path ''
24-12-15.13:15:57.381 [main            ] INFO  Application            - Started Application in 2.523 seconds (JVM running for 3.149)
24-12-15.13:15:58.066 [RMI TCP Connection(2)-192.168.31.83] INFO  [/]                    - Initializing Spring DispatcherServlet 'dispatcherServlet'
24-12-15.13:15:58.066 [RMI TCP Connection(2)-192.168.31.83] INFO  DispatcherServlet      - Initializing Servlet 'dispatcherServlet'
24-12-15.13:15:58.068 [RMI TCP Connection(2)-192.168.31.83] INFO  DispatcherServlet      - Completed initialization in 2 ms
24-12-15.13:15:58.069 [RMI TCP Connection(3)-192.168.31.83] INFO  HikariDataSource       - HikariPool-1 - Starting...
24-12-15.13:15:58.234 [RMI TCP Connection(3)-192.168.31.83] INFO  HikariDataSource       - HikariPool-1 - Start completed.
24-12-15.13:16:00.008 [scheduling-1    ] INFO  UpdateAwardStockJob    - 定时任务，更新奖品消耗库存【延迟队列获取，降低对数据库的更新频次，不要产生竞争】
24-12-15.13:16:05.006 [scheduling-1    ] INFO  UpdateAwardStockJob    - 定时任务，更新奖品消耗库存【延迟队列获取，降低对数据库的更新频次，不要产生竞争】
