24-12-15.11:05:54.996 [main            ] INFO  StrategyRepositoryTest - Starting StrategyRepositoryTest using Java 1.8.0_40 on guo with PID 18244 (started by 11148476 in D:\hoduan1\big-mark\big-mark-app)
24-12-15.11:05:54.997 [main            ] INFO  StrategyRepositoryTest - The following 1 profile is active: "dev"
24-12-15.11:05:56.273 [main            ] INFO  RepositoryConfigurationDelegate - Multiple Spring Data modules found, entering strict repository configuration mode
24-12-15.11:05:56.275 [main            ] INFO  RepositoryConfigurationDelegate - Bootstrapping Spring Data Redis repositories in DEFAULT mode.
24-12-15.11:05:56.303 [main            ] INFO  RepositoryConfigurationDelegate - Finished Spring Data repository scanning in 15 ms. Found 0 Redis repository interfaces.
24-12-15.11:05:57.415 [main            ] INFO  Version                - Redisson 3.23.4
24-12-15.11:05:57.972 [redisson-netty-2-5] INFO  MasterPubSubConnectionPool - 1 connections initialized for localhost/127.0.0.1:6379
24-12-15.11:05:58.015 [redisson-netty-2-20] INFO  MasterConnectionPool   - 24 connections initialized for localhost/127.0.0.1:6379
24-12-15.11:06:02.018 [main            ] INFO  EndpointLinksResolver  - Exposing 1 endpoint(s) beneath base path '/actuator'
24-12-15.11:06:02.146 [main            ] INFO  StrategyRepositoryTest - Started StrategyRepositoryTest in 7.592 seconds (JVM running for 8.852)
24-12-15.11:06:38.491 [main            ] INFO  HikariDataSource       - HikariPool-1 - Starting...
24-12-15.11:06:38.990 [main            ] INFO  HikariDataSource       - HikariPool-1 - Start completed.
24-12-15.11:07:20.673 [main            ] INFO  StrategyRepositoryTest - 测试结果：{"treeDesc":"规则树","treeId":"tree_lock","treeName":"规则树","treeNodeMap":{"rule_lock":{"ruleDesc":"限定用户已完成N次抽奖后解锁","ruleKey":"rule_lock","ruleValue":"1","treeId":"tree_lock"},"rule_stock":{"ruleDesc":"库存扣减规则","ruleKey":"rule_stock","treeId":"tree_lock"},"rule_luck_award":{"ruleDesc":"兜底奖品随机积分","ruleKey":"rule_luck_award","ruleValue":"1,100","treeId":"tree_lock"}},"treeRootRuleNode":"rule_lock"}
24-12-15.11:07:20.697 [SpringApplicationShutdownHook] INFO  HikariDataSource       - HikariPool-1 - Shutdown initiated...
24-12-15.11:07:20.706 [SpringApplicationShutdownHook] INFO  HikariDataSource       - HikariPool-1 - Shutdown completed.
24-12-15.11:07:39.464 [main            ] INFO  StrategyRepositoryTest - Starting StrategyRepositoryTest using Java 1.8.0_40 on guo with PID 28456 (started by 11148476 in D:\hoduan1\big-mark\big-mark-app)
24-12-15.11:07:39.465 [main            ] INFO  StrategyRepositoryTest - The following 1 profile is active: "dev"
24-12-15.11:07:40.168 [main            ] INFO  RepositoryConfigurationDelegate - Multiple Spring Data modules found, entering strict repository configuration mode
24-12-15.11:07:40.170 [main            ] INFO  RepositoryConfigurationDelegate - Bootstrapping Spring Data Redis repositories in DEFAULT mode.
24-12-15.11:07:40.195 [main            ] INFO  RepositoryConfigurationDelegate - Finished Spring Data repository scanning in 14 ms. Found 0 Redis repository interfaces.
24-12-15.11:07:41.199 [main            ] INFO  Version                - Redisson 3.23.4
24-12-15.11:07:41.664 [redisson-netty-2-6] INFO  MasterPubSubConnectionPool - 1 connections initialized for localhost/127.0.0.1:6379
24-12-15.11:07:41.716 [redisson-netty-2-20] INFO  MasterConnectionPool   - 24 connections initialized for localhost/127.0.0.1:6379
24-12-15.11:07:45.181 [main            ] INFO  EndpointLinksResolver  - Exposing 1 endpoint(s) beneath base path '/actuator'
24-12-15.11:07:45.303 [main            ] INFO  StrategyRepositoryTest - Started StrategyRepositoryTest in 6.184 seconds (JVM running for 7.013)
24-12-15.11:20:26.274 [main            ] INFO  StrategyRepositoryTest - Starting StrategyRepositoryTest using Java 1.8.0_40 on guo with PID 26940 (started by 11148476 in D:\hoduan1\big-mark\big-mark-app)
24-12-15.11:20:26.274 [main            ] INFO  StrategyRepositoryTest - The following 1 profile is active: "dev"
24-12-15.11:20:27.056 [main            ] INFO  RepositoryConfigurationDelegate - Multiple Spring Data modules found, entering strict repository configuration mode
24-12-15.11:20:27.056 [main            ] INFO  RepositoryConfigurationDelegate - Bootstrapping Spring Data Redis repositories in DEFAULT mode.
24-12-15.11:20:27.087 [main            ] INFO  RepositoryConfigurationDelegate - Finished Spring Data repository scanning in 19 ms. Found 0 Redis repository interfaces.
24-12-15.11:20:28.347 [main            ] INFO  Version                - Redisson 3.23.4
24-12-15.11:20:28.917 [redisson-netty-2-6] INFO  MasterPubSubConnectionPool - 1 connections initialized for localhost/127.0.0.1:6379
24-12-15.11:20:29.001 [redisson-netty-2-20] INFO  MasterConnectionPool   - 24 connections initialized for localhost/127.0.0.1:6379
24-12-15.11:20:30.401 [main            ] INFO  StrategyRepositoryTest - Starting StrategyRepositoryTest using Java 1.8.0_40 on guo with PID 22668 (started by 11148476 in D:\hoduan1\big-mark\big-mark-app)
24-12-15.11:20:30.401 [main            ] INFO  StrategyRepositoryTest - The following 1 profile is active: "dev"
24-12-15.11:20:31.407 [main            ] INFO  EndpointLinksResolver  - Exposing 1 endpoint(s) beneath base path '/actuator'
24-12-15.11:20:31.486 [main            ] INFO  StrategyRepositoryTest - Started StrategyRepositoryTest in 5.511 seconds (JVM running for 6.16)
24-12-15.11:20:32.065 [main            ] INFO  RepositoryConfigurationDelegate - Multiple Spring Data modules found, entering strict repository configuration mode
24-12-15.11:20:32.065 [main            ] INFO  RepositoryConfigurationDelegate - Bootstrapping Spring Data Redis repositories in DEFAULT mode.
24-12-15.11:20:32.112 [main            ] INFO  RepositoryConfigurationDelegate - Finished Spring Data repository scanning in 16 ms. Found 0 Redis repository interfaces.
24-12-15.11:20:33.608 [main            ] INFO  Version                - Redisson 3.23.4
24-12-15.11:20:34.373 [redisson-netty-2-5] INFO  MasterPubSubConnectionPool - 1 connections initialized for localhost/127.0.0.1:6379
24-12-15.11:20:34.452 [redisson-netty-2-20] INFO  MasterConnectionPool   - 24 connections initialized for localhost/127.0.0.1:6379
24-12-15.11:20:37.651 [main            ] INFO  EndpointLinksResolver  - Exposing 1 endpoint(s) beneath base path '/actuator'
24-12-15.11:20:37.917 [main            ] INFO  StrategyRepositoryTest - Started StrategyRepositoryTest in 9.085 seconds (JVM running for 10.752)
24-12-15.11:25:05.113 [main            ] INFO  StrategyRepositoryTest - Starting StrategyRepositoryTest using Java 1.8.0_40 on guo with PID 4136 (started by 11148476 in D:\hoduan1\big-mark\big-mark-app)
24-12-15.11:25:05.113 [main            ] INFO  StrategyRepositoryTest - The following 1 profile is active: "dev"
24-12-15.11:25:05.710 [main            ] INFO  RepositoryConfigurationDelegate - Multiple Spring Data modules found, entering strict repository configuration mode
24-12-15.11:25:05.725 [main            ] INFO  RepositoryConfigurationDelegate - Bootstrapping Spring Data Redis repositories in DEFAULT mode.
24-12-15.11:25:05.742 [main            ] INFO  RepositoryConfigurationDelegate - Finished Spring Data repository scanning in 12 ms. Found 0 Redis repository interfaces.
24-12-15.11:25:06.687 [main            ] INFO  Version                - Redisson 3.23.4
24-12-15.11:25:07.163 [redisson-netty-2-6] INFO  MasterPubSubConnectionPool - 1 connections initialized for localhost/127.0.0.1:6379
24-12-15.11:25:07.194 [redisson-netty-2-20] INFO  MasterConnectionPool   - 24 connections initialized for localhost/127.0.0.1:6379
24-12-15.11:25:09.086 [main            ] INFO  EndpointLinksResolver  - Exposing 1 endpoint(s) beneath base path '/actuator'
24-12-15.11:25:09.164 [main            ] INFO  StrategyRepositoryTest - Started StrategyRepositoryTest in 4.32 seconds (JVM running for 4.95)
24-12-15.11:25:09.607 [redisson-netty-2-3] ERROR CommandDecoder         - Unable to decode data. channel: [id: 0x0e97bb67, L:/127.0.0.1:2924 - R:localhost/127.0.0.1:6379], reply: ReplayingDecoderByteBuf(ridx=7, widx=7), command: (GET), promise: java.util.concurrent.CompletableFuture@763ad886[Not completed, 1 dependents], params: [strategy_award_count_key_300001_102]
com.esotericsoftware.kryo.KryoException: Encountered unregistered class ID: 54
	at com.esotericsoftware.kryo.util.DefaultClassResolver.readClass(DefaultClassResolver.java:159)
	at com.esotericsoftware.kryo.Kryo.readClass(Kryo.java:758)
	at com.esotericsoftware.kryo.Kryo.readClassAndObject(Kryo.java:869)
	at org.redisson.codec.Kryo5Codec$4.decode(Kryo5Codec.java:144)
	at org.redisson.client.handler.CommandDecoder.decode(CommandDecoder.java:394)
	at org.redisson.client.handler.CommandDecoder.decodeCommand(CommandDecoder.java:205)
	at org.redisson.client.handler.CommandDecoder.decode(CommandDecoder.java:144)
	at org.redisson.client.handler.CommandDecoder.decode(CommandDecoder.java:120)
	at io.netty.handler.codec.ByteToMessageDecoder.decodeRemovalReentryProtection(ByteToMessageDecoder.java:529)
	at io.netty.handler.codec.ReplayingDecoder.callDecode(ReplayingDecoder.java:366)
	at io.netty.handler.codec.ByteToMessageDecoder.channelRead(ByteToMessageDecoder.java:290)
	at io.netty.channel.AbstractChannelHandlerContext.invokeChannelRead(AbstractChannelHandlerContext.java:444)
	at io.netty.channel.AbstractChannelHandlerContext.invokeChannelRead(AbstractChannelHandlerContext.java:420)
	at io.netty.channel.AbstractChannelHandlerContext.fireChannelRead(AbstractChannelHandlerContext.java:412)
	at io.netty.channel.DefaultChannelPipeline$HeadContext.channelRead(DefaultChannelPipeline.java:1410)
	at io.netty.channel.AbstractChannelHandlerContext.invokeChannelRead(AbstractChannelHandlerContext.java:440)
	at io.netty.channel.AbstractChannelHandlerContext.invokeChannelRead(AbstractChannelHandlerContext.java:420)
	at io.netty.channel.DefaultChannelPipeline.fireChannelRead(DefaultChannelPipeline.java:919)
	at io.netty.channel.nio.AbstractNioByteChannel$NioByteUnsafe.read(AbstractNioByteChannel.java:166)
	at io.netty.channel.nio.NioEventLoop.processSelectedKey(NioEventLoop.java:788)
	at io.netty.channel.nio.NioEventLoop.processSelectedKeysOptimized(NioEventLoop.java:724)
	at io.netty.channel.nio.NioEventLoop.processSelectedKeys(NioEventLoop.java:650)
	at io.netty.channel.nio.NioEventLoop.run(NioEventLoop.java:562)
	at io.netty.util.concurrent.SingleThreadEventExecutor$4.run(SingleThreadEventExecutor.java:997)
	at io.netty.util.internal.ThreadExecutorMap$2.run(ThreadExecutorMap.java:74)
	at io.netty.util.concurrent.FastThreadLocalRunnable.run(FastThreadLocalRunnable.java:30)
	at java.lang.Thread.run(Thread.java:745)
24-12-15.11:25:09.623 [redisson-netty-2-3] ERROR ErrorsLoggingHandler   - Exception occured. Channel: [id: 0x0e97bb67, L:/127.0.0.1:2924 - R:localhost/127.0.0.1:6379]
io.netty.handler.codec.DecoderException: com.esotericsoftware.kryo.KryoException: Encountered unregistered class ID: 54
	at io.netty.handler.codec.ReplayingDecoder.callDecode(ReplayingDecoder.java:421)
	at io.netty.handler.codec.ByteToMessageDecoder.channelRead(ByteToMessageDecoder.java:290)
	at io.netty.channel.AbstractChannelHandlerContext.invokeChannelRead(AbstractChannelHandlerContext.java:444)
	at io.netty.channel.AbstractChannelHandlerContext.invokeChannelRead(AbstractChannelHandlerContext.java:420)
	at io.netty.channel.AbstractChannelHandlerContext.fireChannelRead(AbstractChannelHandlerContext.java:412)
	at io.netty.channel.DefaultChannelPipeline$HeadContext.channelRead(DefaultChannelPipeline.java:1410)
	at io.netty.channel.AbstractChannelHandlerContext.invokeChannelRead(AbstractChannelHandlerContext.java:440)
	at io.netty.channel.AbstractChannelHandlerContext.invokeChannelRead(AbstractChannelHandlerContext.java:420)
	at io.netty.channel.DefaultChannelPipeline.fireChannelRead(DefaultChannelPipeline.java:919)
	at io.netty.channel.nio.AbstractNioByteChannel$NioByteUnsafe.read(AbstractNioByteChannel.java:166)
	at io.netty.channel.nio.NioEventLoop.processSelectedKey(NioEventLoop.java:788)
	at io.netty.channel.nio.NioEventLoop.processSelectedKeysOptimized(NioEventLoop.java:724)
	at io.netty.channel.nio.NioEventLoop.processSelectedKeys(NioEventLoop.java:650)
	at io.netty.channel.nio.NioEventLoop.run(NioEventLoop.java:562)
	at io.netty.util.concurrent.SingleThreadEventExecutor$4.run(SingleThreadEventExecutor.java:997)
	at io.netty.util.internal.ThreadExecutorMap$2.run(ThreadExecutorMap.java:74)
	at io.netty.util.concurrent.FastThreadLocalRunnable.run(FastThreadLocalRunnable.java:30)
	at java.lang.Thread.run(Thread.java:745)
Caused by: com.esotericsoftware.kryo.KryoException: Encountered unregistered class ID: 54
	at com.esotericsoftware.kryo.util.DefaultClassResolver.readClass(DefaultClassResolver.java:159)
	at com.esotericsoftware.kryo.Kryo.readClass(Kryo.java:758)
	at com.esotericsoftware.kryo.Kryo.readClassAndObject(Kryo.java:869)
	at org.redisson.codec.Kryo5Codec$4.decode(Kryo5Codec.java:144)
	at org.redisson.client.handler.CommandDecoder.decode(CommandDecoder.java:394)
	at org.redisson.client.handler.CommandDecoder.decodeCommand(CommandDecoder.java:205)
	at org.redisson.client.handler.CommandDecoder.decode(CommandDecoder.java:144)
	at org.redisson.client.handler.CommandDecoder.decode(CommandDecoder.java:120)
	at io.netty.handler.codec.ByteToMessageDecoder.decodeRemovalReentryProtection(ByteToMessageDecoder.java:529)
	at io.netty.handler.codec.ReplayingDecoder.callDecode(ReplayingDecoder.java:366)
	... 17 common frames omitted
24-12-15.11:25:41.710 [main            ] INFO  StrategyRepositoryTest - Starting StrategyRepositoryTest using Java 1.8.0_40 on guo with PID 16720 (started by 11148476 in D:\hoduan1\big-mark\big-mark-app)
24-12-15.11:25:41.710 [main            ] INFO  StrategyRepositoryTest - The following 1 profile is active: "dev"
24-12-15.11:25:42.398 [main            ] INFO  RepositoryConfigurationDelegate - Multiple Spring Data modules found, entering strict repository configuration mode
24-12-15.11:25:42.398 [main            ] INFO  RepositoryConfigurationDelegate - Bootstrapping Spring Data Redis repositories in DEFAULT mode.
24-12-15.11:25:42.424 [main            ] INFO  RepositoryConfigurationDelegate - Finished Spring Data repository scanning in 14 ms. Found 0 Redis repository interfaces.
24-12-15.11:25:43.513 [main            ] INFO  Version                - Redisson 3.23.4
24-12-15.11:25:44.046 [redisson-netty-2-5] INFO  MasterPubSubConnectionPool - 1 connections initialized for localhost/127.0.0.1:6379
24-12-15.11:25:44.094 [redisson-netty-2-20] INFO  MasterConnectionPool   - 24 connections initialized for localhost/127.0.0.1:6379
24-12-15.11:25:47.813 [main            ] INFO  EndpointLinksResolver  - Exposing 1 endpoint(s) beneath base path '/actuator'
24-12-15.11:25:47.908 [main            ] INFO  StrategyRepositoryTest - Started StrategyRepositoryTest in 6.555 seconds (JVM running for 7.529)
24-12-15.11:25:50.809 [redisson-netty-2-3] ERROR CommandDecoder         - Unable to decode data. channel: [id: 0x4a6f13f2, L:/127.0.0.1:3050 - R:localhost/127.0.0.1:6379], reply: ReplayingDecoderByteBuf(ridx=7, widx=7), command: (GET), promise: java.util.concurrent.CompletableFuture@476e0cee[Not completed, 1 dependents], params: [strategy_award_count_key_300001_102]
com.esotericsoftware.kryo.KryoException: Encountered unregistered class ID: 54
	at com.esotericsoftware.kryo.util.DefaultClassResolver.readClass(DefaultClassResolver.java:159)
	at com.esotericsoftware.kryo.Kryo.readClass(Kryo.java:758)
	at com.esotericsoftware.kryo.Kryo.readClassAndObject(Kryo.java:869)
	at org.redisson.codec.Kryo5Codec$4.decode(Kryo5Codec.java:144)
	at org.redisson.client.handler.CommandDecoder.decode(CommandDecoder.java:394)
	at org.redisson.client.handler.CommandDecoder.decodeCommand(CommandDecoder.java:205)
	at org.redisson.client.handler.CommandDecoder.decode(CommandDecoder.java:144)
	at org.redisson.client.handler.CommandDecoder.decode(CommandDecoder.java:120)
	at io.netty.handler.codec.ByteToMessageDecoder.decodeRemovalReentryProtection(ByteToMessageDecoder.java:529)
	at io.netty.handler.codec.ReplayingDecoder.callDecode(ReplayingDecoder.java:366)
	at io.netty.handler.codec.ByteToMessageDecoder.channelRead(ByteToMessageDecoder.java:290)
	at io.netty.channel.AbstractChannelHandlerContext.invokeChannelRead(AbstractChannelHandlerContext.java:444)
	at io.netty.channel.AbstractChannelHandlerContext.invokeChannelRead(AbstractChannelHandlerContext.java:420)
	at io.netty.channel.AbstractChannelHandlerContext.fireChannelRead(AbstractChannelHandlerContext.java:412)
	at io.netty.channel.DefaultChannelPipeline$HeadContext.channelRead(DefaultChannelPipeline.java:1410)
	at io.netty.channel.AbstractChannelHandlerContext.invokeChannelRead(AbstractChannelHandlerContext.java:440)
	at io.netty.channel.AbstractChannelHandlerContext.invokeChannelRead(AbstractChannelHandlerContext.java:420)
	at io.netty.channel.DefaultChannelPipeline.fireChannelRead(DefaultChannelPipeline.java:919)
	at io.netty.channel.nio.AbstractNioByteChannel$NioByteUnsafe.read(AbstractNioByteChannel.java:166)
	at io.netty.channel.nio.NioEventLoop.processSelectedKey(NioEventLoop.java:788)
	at io.netty.channel.nio.NioEventLoop.processSelectedKeysOptimized(NioEventLoop.java:724)
	at io.netty.channel.nio.NioEventLoop.processSelectedKeys(NioEventLoop.java:650)
	at io.netty.channel.nio.NioEventLoop.run(NioEventLoop.java:562)
	at io.netty.util.concurrent.SingleThreadEventExecutor$4.run(SingleThreadEventExecutor.java:997)
	at io.netty.util.internal.ThreadExecutorMap$2.run(ThreadExecutorMap.java:74)
	at io.netty.util.concurrent.FastThreadLocalRunnable.run(FastThreadLocalRunnable.java:30)
	at java.lang.Thread.run(Thread.java:745)
24-12-15.11:25:50.809 [redisson-netty-2-3] ERROR ErrorsLoggingHandler   - Exception occured. Channel: [id: 0x4a6f13f2, L:/127.0.0.1:3050 - R:localhost/127.0.0.1:6379]
io.netty.handler.codec.DecoderException: com.esotericsoftware.kryo.KryoException: Encountered unregistered class ID: 54
	at io.netty.handler.codec.ReplayingDecoder.callDecode(ReplayingDecoder.java:421)
	at io.netty.handler.codec.ByteToMessageDecoder.channelRead(ByteToMessageDecoder.java:290)
	at io.netty.channel.AbstractChannelHandlerContext.invokeChannelRead(AbstractChannelHandlerContext.java:444)
	at io.netty.channel.AbstractChannelHandlerContext.invokeChannelRead(AbstractChannelHandlerContext.java:420)
	at io.netty.channel.AbstractChannelHandlerContext.fireChannelRead(AbstractChannelHandlerContext.java:412)
	at io.netty.channel.DefaultChannelPipeline$HeadContext.channelRead(DefaultChannelPipeline.java:1410)
	at io.netty.channel.AbstractChannelHandlerContext.invokeChannelRead(AbstractChannelHandlerContext.java:440)
	at io.netty.channel.AbstractChannelHandlerContext.invokeChannelRead(AbstractChannelHandlerContext.java:420)
	at io.netty.channel.DefaultChannelPipeline.fireChannelRead(DefaultChannelPipeline.java:919)
	at io.netty.channel.nio.AbstractNioByteChannel$NioByteUnsafe.read(AbstractNioByteChannel.java:166)
	at io.netty.channel.nio.NioEventLoop.processSelectedKey(NioEventLoop.java:788)
	at io.netty.channel.nio.NioEventLoop.processSelectedKeysOptimized(NioEventLoop.java:724)
	at io.netty.channel.nio.NioEventLoop.processSelectedKeys(NioEventLoop.java:650)
	at io.netty.channel.nio.NioEventLoop.run(NioEventLoop.java:562)
	at io.netty.util.concurrent.SingleThreadEventExecutor$4.run(SingleThreadEventExecutor.java:997)
	at io.netty.util.internal.ThreadExecutorMap$2.run(ThreadExecutorMap.java:74)
	at io.netty.util.concurrent.FastThreadLocalRunnable.run(FastThreadLocalRunnable.java:30)
	at java.lang.Thread.run(Thread.java:745)
Caused by: com.esotericsoftware.kryo.KryoException: Encountered unregistered class ID: 54
	at com.esotericsoftware.kryo.util.DefaultClassResolver.readClass(DefaultClassResolver.java:159)
	at com.esotericsoftware.kryo.Kryo.readClass(Kryo.java:758)
	at com.esotericsoftware.kryo.Kryo.readClassAndObject(Kryo.java:869)
	at org.redisson.codec.Kryo5Codec$4.decode(Kryo5Codec.java:144)
	at org.redisson.client.handler.CommandDecoder.decode(CommandDecoder.java:394)
	at org.redisson.client.handler.CommandDecoder.decodeCommand(CommandDecoder.java:205)
	at org.redisson.client.handler.CommandDecoder.decode(CommandDecoder.java:144)
	at org.redisson.client.handler.CommandDecoder.decode(CommandDecoder.java:120)
	at io.netty.handler.codec.ByteToMessageDecoder.decodeRemovalReentryProtection(ByteToMessageDecoder.java:529)
	at io.netty.handler.codec.ReplayingDecoder.callDecode(ReplayingDecoder.java:366)
	... 17 common frames omitted
24-12-15.11:31:10.492 [main            ] INFO  StrategyRepositoryTest - Starting StrategyRepositoryTest using Java 1.8.0_40 on guo with PID 21880 (started by 11148476 in D:\hoduan1\big-mark\big-mark-app)
24-12-15.11:31:10.493 [main            ] INFO  StrategyRepositoryTest - The following 1 profile is active: "dev"
24-12-15.11:31:11.180 [main            ] INFO  RepositoryConfigurationDelegate - Multiple Spring Data modules found, entering strict repository configuration mode
24-12-15.11:31:11.182 [main            ] INFO  RepositoryConfigurationDelegate - Bootstrapping Spring Data Redis repositories in DEFAULT mode.
24-12-15.11:31:11.208 [main            ] INFO  RepositoryConfigurationDelegate - Finished Spring Data repository scanning in 14 ms. Found 0 Redis repository interfaces.
24-12-15.11:31:12.118 [main            ] INFO  Version                - Redisson 3.23.4
24-12-15.11:31:12.574 [redisson-netty-2-4] INFO  MasterPubSubConnectionPool - 1 connections initialized for 127.0.0.1/127.0.0.1:6379
24-12-15.11:31:12.583 [redisson-netty-2-13] INFO  MasterConnectionPool   - 5 connections initialized for 127.0.0.1/127.0.0.1:6379
24-12-15.11:31:14.700 [main            ] INFO  EndpointLinksResolver  - Exposing 1 endpoint(s) beneath base path '/actuator'
24-12-15.11:31:14.786 [main            ] INFO  StrategyRepositoryTest - Started StrategyRepositoryTest in 4.601 seconds (JVM running for 5.232)
24-12-15.11:31:15.203 [redisson-netty-2-2] ERROR CommandDecoder         - Unable to decode data. channel: [id: 0x8b1419dd, L:/127.0.0.1:3293 - R:127.0.0.1/127.0.0.1:6379], reply: ReplayingDecoderByteBuf(ridx=7, widx=7), command: (GET), promise: java.util.concurrent.CompletableFuture@1fc4d56a[Not completed, 1 dependents], params: [strategy_award_count_key_300001_102]
com.esotericsoftware.kryo.KryoException: Encountered unregistered class ID: 54
	at com.esotericsoftware.kryo.util.DefaultClassResolver.readClass(DefaultClassResolver.java:159)
	at com.esotericsoftware.kryo.Kryo.readClass(Kryo.java:758)
	at com.esotericsoftware.kryo.Kryo.readClassAndObject(Kryo.java:869)
	at org.redisson.codec.Kryo5Codec$4.decode(Kryo5Codec.java:144)
	at org.redisson.client.handler.CommandDecoder.decode(CommandDecoder.java:394)
	at org.redisson.client.handler.CommandDecoder.decodeCommand(CommandDecoder.java:205)
	at org.redisson.client.handler.CommandDecoder.decode(CommandDecoder.java:144)
	at org.redisson.client.handler.CommandDecoder.decode(CommandDecoder.java:120)
	at io.netty.handler.codec.ByteToMessageDecoder.decodeRemovalReentryProtection(ByteToMessageDecoder.java:529)
	at io.netty.handler.codec.ReplayingDecoder.callDecode(ReplayingDecoder.java:366)
	at io.netty.handler.codec.ByteToMessageDecoder.channelRead(ByteToMessageDecoder.java:290)
	at io.netty.channel.AbstractChannelHandlerContext.invokeChannelRead(AbstractChannelHandlerContext.java:444)
	at io.netty.channel.AbstractChannelHandlerContext.invokeChannelRead(AbstractChannelHandlerContext.java:420)
	at io.netty.channel.AbstractChannelHandlerContext.fireChannelRead(AbstractChannelHandlerContext.java:412)
	at io.netty.channel.DefaultChannelPipeline$HeadContext.channelRead(DefaultChannelPipeline.java:1410)
	at io.netty.channel.AbstractChannelHandlerContext.invokeChannelRead(AbstractChannelHandlerContext.java:440)
	at io.netty.channel.AbstractChannelHandlerContext.invokeChannelRead(AbstractChannelHandlerContext.java:420)
	at io.netty.channel.DefaultChannelPipeline.fireChannelRead(DefaultChannelPipeline.java:919)
	at io.netty.channel.nio.AbstractNioByteChannel$NioByteUnsafe.read(AbstractNioByteChannel.java:166)
	at io.netty.channel.nio.NioEventLoop.processSelectedKey(NioEventLoop.java:788)
	at io.netty.channel.nio.NioEventLoop.processSelectedKeysOptimized(NioEventLoop.java:724)
	at io.netty.channel.nio.NioEventLoop.processSelectedKeys(NioEventLoop.java:650)
	at io.netty.channel.nio.NioEventLoop.run(NioEventLoop.java:562)
	at io.netty.util.concurrent.SingleThreadEventExecutor$4.run(SingleThreadEventExecutor.java:997)
	at io.netty.util.internal.ThreadExecutorMap$2.run(ThreadExecutorMap.java:74)
	at io.netty.util.concurrent.FastThreadLocalRunnable.run(FastThreadLocalRunnable.java:30)
	at java.lang.Thread.run(Thread.java:745)
24-12-15.11:31:15.212 [redisson-netty-2-2] ERROR ErrorsLoggingHandler   - Exception occured. Channel: [id: 0x8b1419dd, L:/127.0.0.1:3293 - R:127.0.0.1/127.0.0.1:6379]
io.netty.handler.codec.DecoderException: com.esotericsoftware.kryo.KryoException: Encountered unregistered class ID: 54
	at io.netty.handler.codec.ReplayingDecoder.callDecode(ReplayingDecoder.java:421)
	at io.netty.handler.codec.ByteToMessageDecoder.channelRead(ByteToMessageDecoder.java:290)
	at io.netty.channel.AbstractChannelHandlerContext.invokeChannelRead(AbstractChannelHandlerContext.java:444)
	at io.netty.channel.AbstractChannelHandlerContext.invokeChannelRead(AbstractChannelHandlerContext.java:420)
	at io.netty.channel.AbstractChannelHandlerContext.fireChannelRead(AbstractChannelHandlerContext.java:412)
	at io.netty.channel.DefaultChannelPipeline$HeadContext.channelRead(DefaultChannelPipeline.java:1410)
	at io.netty.channel.AbstractChannelHandlerContext.invokeChannelRead(AbstractChannelHandlerContext.java:440)
	at io.netty.channel.AbstractChannelHandlerContext.invokeChannelRead(AbstractChannelHandlerContext.java:420)
	at io.netty.channel.DefaultChannelPipeline.fireChannelRead(DefaultChannelPipeline.java:919)
	at io.netty.channel.nio.AbstractNioByteChannel$NioByteUnsafe.read(AbstractNioByteChannel.java:166)
	at io.netty.channel.nio.NioEventLoop.processSelectedKey(NioEventLoop.java:788)
	at io.netty.channel.nio.NioEventLoop.processSelectedKeysOptimized(NioEventLoop.java:724)
	at io.netty.channel.nio.NioEventLoop.processSelectedKeys(NioEventLoop.java:650)
	at io.netty.channel.nio.NioEventLoop.run(NioEventLoop.java:562)
	at io.netty.util.concurrent.SingleThreadEventExecutor$4.run(SingleThreadEventExecutor.java:997)
	at io.netty.util.internal.ThreadExecutorMap$2.run(ThreadExecutorMap.java:74)
	at io.netty.util.concurrent.FastThreadLocalRunnable.run(FastThreadLocalRunnable.java:30)
	at java.lang.Thread.run(Thread.java:745)
Caused by: com.esotericsoftware.kryo.KryoException: Encountered unregistered class ID: 54
	at com.esotericsoftware.kryo.util.DefaultClassResolver.readClass(DefaultClassResolver.java:159)
	at com.esotericsoftware.kryo.Kryo.readClass(Kryo.java:758)
	at com.esotericsoftware.kryo.Kryo.readClassAndObject(Kryo.java:869)
	at org.redisson.codec.Kryo5Codec$4.decode(Kryo5Codec.java:144)
	at org.redisson.client.handler.CommandDecoder.decode(CommandDecoder.java:394)
	at org.redisson.client.handler.CommandDecoder.decodeCommand(CommandDecoder.java:205)
	at org.redisson.client.handler.CommandDecoder.decode(CommandDecoder.java:144)
	at org.redisson.client.handler.CommandDecoder.decode(CommandDecoder.java:120)
	at io.netty.handler.codec.ByteToMessageDecoder.decodeRemovalReentryProtection(ByteToMessageDecoder.java:529)
	at io.netty.handler.codec.ReplayingDecoder.callDecode(ReplayingDecoder.java:366)
	... 17 common frames omitted
24-12-15.11:31:39.568 [main            ] INFO  StrategyRepositoryTest - Starting StrategyRepositoryTest using Java 1.8.0_40 on guo with PID 12992 (started by 11148476 in D:\hoduan1\big-mark\big-mark-app)
24-12-15.11:31:39.569 [main            ] INFO  StrategyRepositoryTest - The following 1 profile is active: "dev"
24-12-15.11:31:40.218 [main            ] INFO  RepositoryConfigurationDelegate - Multiple Spring Data modules found, entering strict repository configuration mode
24-12-15.11:31:40.220 [main            ] INFO  RepositoryConfigurationDelegate - Bootstrapping Spring Data Redis repositories in DEFAULT mode.
24-12-15.11:31:40.244 [main            ] INFO  RepositoryConfigurationDelegate - Finished Spring Data repository scanning in 13 ms. Found 0 Redis repository interfaces.
24-12-15.11:31:41.135 [main            ] INFO  Version                - Redisson 3.23.4
24-12-15.11:31:41.599 [redisson-netty-2-4] INFO  MasterPubSubConnectionPool - 1 connections initialized for 127.0.0.1/127.0.0.1:6379
24-12-15.11:31:41.609 [redisson-netty-2-13] INFO  MasterConnectionPool   - 5 connections initialized for 127.0.0.1/127.0.0.1:6379
24-12-15.11:31:43.663 [main            ] INFO  EndpointLinksResolver  - Exposing 1 endpoint(s) beneath base path '/actuator'
24-12-15.11:31:43.738 [main            ] INFO  StrategyRepositoryTest - Started StrategyRepositoryTest in 4.459 seconds (JVM running for 5.089)
24-12-15.11:32:02.714 [main            ] INFO  StrategyRepositoryTest - Starting StrategyRepositoryTest using Java 1.8.0_40 on guo with PID 28216 (started by 11148476 in D:\hoduan1\big-mark\big-mark-app)
24-12-15.11:32:02.715 [main            ] INFO  StrategyRepositoryTest - The following 1 profile is active: "dev"
24-12-15.11:32:03.327 [main            ] INFO  RepositoryConfigurationDelegate - Multiple Spring Data modules found, entering strict repository configuration mode
24-12-15.11:32:03.329 [main            ] INFO  RepositoryConfigurationDelegate - Bootstrapping Spring Data Redis repositories in DEFAULT mode.
24-12-15.11:32:03.352 [main            ] INFO  RepositoryConfigurationDelegate - Finished Spring Data repository scanning in 12 ms. Found 0 Redis repository interfaces.
24-12-15.11:32:04.254 [main            ] INFO  Version                - Redisson 3.23.4
24-12-15.11:32:04.689 [redisson-netty-2-4] INFO  MasterPubSubConnectionPool - 1 connections initialized for 127.0.0.1/127.0.0.1:6379
24-12-15.11:32:04.698 [redisson-netty-2-13] INFO  MasterConnectionPool   - 5 connections initialized for 127.0.0.1/127.0.0.1:6379
24-12-15.11:32:06.655 [main            ] INFO  EndpointLinksResolver  - Exposing 1 endpoint(s) beneath base path '/actuator'
24-12-15.11:32:06.716 [main            ] INFO  StrategyRepositoryTest - Started StrategyRepositoryTest in 4.29 seconds (JVM running for 4.906)
24-12-15.11:32:07.144 [redisson-netty-2-2] ERROR CommandDecoder         - Unable to decode data. channel: [id: 0x0b86bc23, L:/127.0.0.1:3460 - R:127.0.0.1/127.0.0.1:6379], reply: ReplayingDecoderByteBuf(ridx=8, widx=8), command: (GET), promise: java.util.concurrent.CompletableFuture@216eb78[Not completed, 1 dependents], params: [strategy_award_count_key_300001_102]
com.esotericsoftware.kryo.KryoException: Encountered unregistered class ID: 47
	at com.esotericsoftware.kryo.util.DefaultClassResolver.readClass(DefaultClassResolver.java:159)
	at com.esotericsoftware.kryo.Kryo.readClass(Kryo.java:758)
	at com.esotericsoftware.kryo.Kryo.readClassAndObject(Kryo.java:869)
	at org.redisson.codec.Kryo5Codec$4.decode(Kryo5Codec.java:144)
	at org.redisson.client.handler.CommandDecoder.decode(CommandDecoder.java:394)
	at org.redisson.client.handler.CommandDecoder.decodeCommand(CommandDecoder.java:205)
	at org.redisson.client.handler.CommandDecoder.decode(CommandDecoder.java:144)
	at org.redisson.client.handler.CommandDecoder.decode(CommandDecoder.java:120)
	at io.netty.handler.codec.ByteToMessageDecoder.decodeRemovalReentryProtection(ByteToMessageDecoder.java:529)
	at io.netty.handler.codec.ReplayingDecoder.callDecode(ReplayingDecoder.java:366)
	at io.netty.handler.codec.ByteToMessageDecoder.channelRead(ByteToMessageDecoder.java:290)
	at io.netty.channel.AbstractChannelHandlerContext.invokeChannelRead(AbstractChannelHandlerContext.java:444)
	at io.netty.channel.AbstractChannelHandlerContext.invokeChannelRead(AbstractChannelHandlerContext.java:420)
	at io.netty.channel.AbstractChannelHandlerContext.fireChannelRead(AbstractChannelHandlerContext.java:412)
	at io.netty.channel.DefaultChannelPipeline$HeadContext.channelRead(DefaultChannelPipeline.java:1410)
	at io.netty.channel.AbstractChannelHandlerContext.invokeChannelRead(AbstractChannelHandlerContext.java:440)
	at io.netty.channel.AbstractChannelHandlerContext.invokeChannelRead(AbstractChannelHandlerContext.java:420)
	at io.netty.channel.DefaultChannelPipeline.fireChannelRead(DefaultChannelPipeline.java:919)
	at io.netty.channel.nio.AbstractNioByteChannel$NioByteUnsafe.read(AbstractNioByteChannel.java:166)
	at io.netty.channel.nio.NioEventLoop.processSelectedKey(NioEventLoop.java:788)
	at io.netty.channel.nio.NioEventLoop.processSelectedKeysOptimized(NioEventLoop.java:724)
	at io.netty.channel.nio.NioEventLoop.processSelectedKeys(NioEventLoop.java:650)
	at io.netty.channel.nio.NioEventLoop.run(NioEventLoop.java:562)
	at io.netty.util.concurrent.SingleThreadEventExecutor$4.run(SingleThreadEventExecutor.java:997)
	at io.netty.util.internal.ThreadExecutorMap$2.run(ThreadExecutorMap.java:74)
	at io.netty.util.concurrent.FastThreadLocalRunnable.run(FastThreadLocalRunnable.java:30)
	at java.lang.Thread.run(Thread.java:745)
24-12-15.11:32:07.149 [redisson-netty-2-2] ERROR ErrorsLoggingHandler   - Exception occured. Channel: [id: 0x0b86bc23, L:/127.0.0.1:3460 - R:127.0.0.1/127.0.0.1:6379]
io.netty.handler.codec.DecoderException: com.esotericsoftware.kryo.KryoException: Encountered unregistered class ID: 47
	at io.netty.handler.codec.ReplayingDecoder.callDecode(ReplayingDecoder.java:421)
	at io.netty.handler.codec.ByteToMessageDecoder.channelRead(ByteToMessageDecoder.java:290)
	at io.netty.channel.AbstractChannelHandlerContext.invokeChannelRead(AbstractChannelHandlerContext.java:444)
	at io.netty.channel.AbstractChannelHandlerContext.invokeChannelRead(AbstractChannelHandlerContext.java:420)
	at io.netty.channel.AbstractChannelHandlerContext.fireChannelRead(AbstractChannelHandlerContext.java:412)
	at io.netty.channel.DefaultChannelPipeline$HeadContext.channelRead(DefaultChannelPipeline.java:1410)
	at io.netty.channel.AbstractChannelHandlerContext.invokeChannelRead(AbstractChannelHandlerContext.java:440)
	at io.netty.channel.AbstractChannelHandlerContext.invokeChannelRead(AbstractChannelHandlerContext.java:420)
	at io.netty.channel.DefaultChannelPipeline.fireChannelRead(DefaultChannelPipeline.java:919)
	at io.netty.channel.nio.AbstractNioByteChannel$NioByteUnsafe.read(AbstractNioByteChannel.java:166)
	at io.netty.channel.nio.NioEventLoop.processSelectedKey(NioEventLoop.java:788)
	at io.netty.channel.nio.NioEventLoop.processSelectedKeysOptimized(NioEventLoop.java:724)
	at io.netty.channel.nio.NioEventLoop.processSelectedKeys(NioEventLoop.java:650)
	at io.netty.channel.nio.NioEventLoop.run(NioEventLoop.java:562)
	at io.netty.util.concurrent.SingleThreadEventExecutor$4.run(SingleThreadEventExecutor.java:997)
	at io.netty.util.internal.ThreadExecutorMap$2.run(ThreadExecutorMap.java:74)
	at io.netty.util.concurrent.FastThreadLocalRunnable.run(FastThreadLocalRunnable.java:30)
	at java.lang.Thread.run(Thread.java:745)
Caused by: com.esotericsoftware.kryo.KryoException: Encountered unregistered class ID: 47
	at com.esotericsoftware.kryo.util.DefaultClassResolver.readClass(DefaultClassResolver.java:159)
	at com.esotericsoftware.kryo.Kryo.readClass(Kryo.java:758)
	at com.esotericsoftware.kryo.Kryo.readClassAndObject(Kryo.java:869)
	at org.redisson.codec.Kryo5Codec$4.decode(Kryo5Codec.java:144)
	at org.redisson.client.handler.CommandDecoder.decode(CommandDecoder.java:394)
	at org.redisson.client.handler.CommandDecoder.decodeCommand(CommandDecoder.java:205)
	at org.redisson.client.handler.CommandDecoder.decode(CommandDecoder.java:144)
	at org.redisson.client.handler.CommandDecoder.decode(CommandDecoder.java:120)
	at io.netty.handler.codec.ByteToMessageDecoder.decodeRemovalReentryProtection(ByteToMessageDecoder.java:529)
	at io.netty.handler.codec.ReplayingDecoder.callDecode(ReplayingDecoder.java:366)
	... 17 common frames omitted
24-12-15.11:36:46.325 [main            ] INFO  StrategyRepositoryTest - Starting StrategyRepositoryTest using Java 1.8.0_40 on guo with PID 29396 (started by 11148476 in D:\hoduan1\big-mark\big-mark-app)
24-12-15.11:36:46.326 [main            ] INFO  StrategyRepositoryTest - The following 1 profile is active: "dev"
24-12-15.11:36:46.956 [main            ] INFO  RepositoryConfigurationDelegate - Multiple Spring Data modules found, entering strict repository configuration mode
24-12-15.11:36:46.959 [main            ] INFO  RepositoryConfigurationDelegate - Bootstrapping Spring Data Redis repositories in DEFAULT mode.
24-12-15.11:36:46.982 [main            ] INFO  RepositoryConfigurationDelegate - Finished Spring Data repository scanning in 13 ms. Found 0 Redis repository interfaces.
24-12-15.11:36:47.873 [main            ] INFO  Version                - Redisson 3.23.4
24-12-15.11:36:48.309 [redisson-netty-2-4] INFO  MasterPubSubConnectionPool - 1 connections initialized for 127.0.0.1/127.0.0.1:6379
24-12-15.11:36:48.318 [redisson-netty-2-13] INFO  MasterConnectionPool   - 5 connections initialized for 127.0.0.1/127.0.0.1:6379
24-12-15.11:36:50.320 [main            ] INFO  EndpointLinksResolver  - Exposing 1 endpoint(s) beneath base path '/actuator'
24-12-15.11:36:50.389 [main            ] INFO  StrategyRepositoryTest - Started StrategyRepositoryTest in 4.394 seconds (JVM running for 5.088)
24-12-15.11:36:50.820 [redisson-netty-2-2] ERROR CommandDecoder         - Unable to decode data. channel: [id: 0xc34266d7, L:/127.0.0.1:2637 - R:127.0.0.1/127.0.0.1:6379], reply: ReplayingDecoderByteBuf(ridx=8, widx=8), command: (GET), promise: java.util.concurrent.CompletableFuture@1d9b761a[Not completed, 1 dependents], params: [strategy_award_count_key_300001_102]
com.esotericsoftware.kryo.KryoException: Encountered unregistered class ID: 47
	at com.esotericsoftware.kryo.util.DefaultClassResolver.readClass(DefaultClassResolver.java:159)
	at com.esotericsoftware.kryo.Kryo.readClass(Kryo.java:758)
	at com.esotericsoftware.kryo.Kryo.readClassAndObject(Kryo.java:869)
	at org.redisson.codec.Kryo5Codec$4.decode(Kryo5Codec.java:144)
	at org.redisson.client.handler.CommandDecoder.decode(CommandDecoder.java:394)
	at org.redisson.client.handler.CommandDecoder.decodeCommand(CommandDecoder.java:205)
	at org.redisson.client.handler.CommandDecoder.decode(CommandDecoder.java:144)
	at org.redisson.client.handler.CommandDecoder.decode(CommandDecoder.java:120)
	at io.netty.handler.codec.ByteToMessageDecoder.decodeRemovalReentryProtection(ByteToMessageDecoder.java:529)
	at io.netty.handler.codec.ReplayingDecoder.callDecode(ReplayingDecoder.java:366)
	at io.netty.handler.codec.ByteToMessageDecoder.channelRead(ByteToMessageDecoder.java:290)
	at io.netty.channel.AbstractChannelHandlerContext.invokeChannelRead(AbstractChannelHandlerContext.java:444)
	at io.netty.channel.AbstractChannelHandlerContext.invokeChannelRead(AbstractChannelHandlerContext.java:420)
	at io.netty.channel.AbstractChannelHandlerContext.fireChannelRead(AbstractChannelHandlerContext.java:412)
	at io.netty.channel.DefaultChannelPipeline$HeadContext.channelRead(DefaultChannelPipeline.java:1410)
	at io.netty.channel.AbstractChannelHandlerContext.invokeChannelRead(AbstractChannelHandlerContext.java:440)
	at io.netty.channel.AbstractChannelHandlerContext.invokeChannelRead(AbstractChannelHandlerContext.java:420)
	at io.netty.channel.DefaultChannelPipeline.fireChannelRead(DefaultChannelPipeline.java:919)
	at io.netty.channel.nio.AbstractNioByteChannel$NioByteUnsafe.read(AbstractNioByteChannel.java:166)
	at io.netty.channel.nio.NioEventLoop.processSelectedKey(NioEventLoop.java:788)
	at io.netty.channel.nio.NioEventLoop.processSelectedKeysOptimized(NioEventLoop.java:724)
	at io.netty.channel.nio.NioEventLoop.processSelectedKeys(NioEventLoop.java:650)
	at io.netty.channel.nio.NioEventLoop.run(NioEventLoop.java:562)
	at io.netty.util.concurrent.SingleThreadEventExecutor$4.run(SingleThreadEventExecutor.java:997)
	at io.netty.util.internal.ThreadExecutorMap$2.run(ThreadExecutorMap.java:74)
	at io.netty.util.concurrent.FastThreadLocalRunnable.run(FastThreadLocalRunnable.java:30)
	at java.lang.Thread.run(Thread.java:745)
24-12-15.11:36:50.826 [redisson-netty-2-2] ERROR ErrorsLoggingHandler   - Exception occured. Channel: [id: 0xc34266d7, L:/127.0.0.1:2637 - R:127.0.0.1/127.0.0.1:6379]
io.netty.handler.codec.DecoderException: com.esotericsoftware.kryo.KryoException: Encountered unregistered class ID: 47
	at io.netty.handler.codec.ReplayingDecoder.callDecode(ReplayingDecoder.java:421)
	at io.netty.handler.codec.ByteToMessageDecoder.channelRead(ByteToMessageDecoder.java:290)
	at io.netty.channel.AbstractChannelHandlerContext.invokeChannelRead(AbstractChannelHandlerContext.java:444)
	at io.netty.channel.AbstractChannelHandlerContext.invokeChannelRead(AbstractChannelHandlerContext.java:420)
	at io.netty.channel.AbstractChannelHandlerContext.fireChannelRead(AbstractChannelHandlerContext.java:412)
	at io.netty.channel.DefaultChannelPipeline$HeadContext.channelRead(DefaultChannelPipeline.java:1410)
	at io.netty.channel.AbstractChannelHandlerContext.invokeChannelRead(AbstractChannelHandlerContext.java:440)
	at io.netty.channel.AbstractChannelHandlerContext.invokeChannelRead(AbstractChannelHandlerContext.java:420)
	at io.netty.channel.DefaultChannelPipeline.fireChannelRead(DefaultChannelPipeline.java:919)
	at io.netty.channel.nio.AbstractNioByteChannel$NioByteUnsafe.read(AbstractNioByteChannel.java:166)
	at io.netty.channel.nio.NioEventLoop.processSelectedKey(NioEventLoop.java:788)
	at io.netty.channel.nio.NioEventLoop.processSelectedKeysOptimized(NioEventLoop.java:724)
	at io.netty.channel.nio.NioEventLoop.processSelectedKeys(NioEventLoop.java:650)
	at io.netty.channel.nio.NioEventLoop.run(NioEventLoop.java:562)
	at io.netty.util.concurrent.SingleThreadEventExecutor$4.run(SingleThreadEventExecutor.java:997)
	at io.netty.util.internal.ThreadExecutorMap$2.run(ThreadExecutorMap.java:74)
	at io.netty.util.concurrent.FastThreadLocalRunnable.run(FastThreadLocalRunnable.java:30)
	at java.lang.Thread.run(Thread.java:745)
Caused by: com.esotericsoftware.kryo.KryoException: Encountered unregistered class ID: 47
	at com.esotericsoftware.kryo.util.DefaultClassResolver.readClass(DefaultClassResolver.java:159)
	at com.esotericsoftware.kryo.Kryo.readClass(Kryo.java:758)
	at com.esotericsoftware.kryo.Kryo.readClassAndObject(Kryo.java:869)
	at org.redisson.codec.Kryo5Codec$4.decode(Kryo5Codec.java:144)
	at org.redisson.client.handler.CommandDecoder.decode(CommandDecoder.java:394)
	at org.redisson.client.handler.CommandDecoder.decodeCommand(CommandDecoder.java:205)
	at org.redisson.client.handler.CommandDecoder.decode(CommandDecoder.java:144)
	at org.redisson.client.handler.CommandDecoder.decode(CommandDecoder.java:120)
	at io.netty.handler.codec.ByteToMessageDecoder.decodeRemovalReentryProtection(ByteToMessageDecoder.java:529)
	at io.netty.handler.codec.ReplayingDecoder.callDecode(ReplayingDecoder.java:366)
	... 17 common frames omitted
24-12-15.11:37:19.238 [main            ] INFO  StrategyRepositoryTest - Starting StrategyRepositoryTest using Java 1.8.0_40 on guo with PID 34256 (started by 11148476 in D:\hoduan1\big-mark\big-mark-app)
24-12-15.11:37:19.239 [main            ] INFO  StrategyRepositoryTest - The following 1 profile is active: "dev"
24-12-15.11:37:19.910 [main            ] INFO  RepositoryConfigurationDelegate - Multiple Spring Data modules found, entering strict repository configuration mode
24-12-15.11:37:19.913 [main            ] INFO  RepositoryConfigurationDelegate - Bootstrapping Spring Data Redis repositories in DEFAULT mode.
24-12-15.11:37:19.941 [main            ] INFO  RepositoryConfigurationDelegate - Finished Spring Data repository scanning in 16 ms. Found 0 Redis repository interfaces.
24-12-15.11:37:20.837 [main            ] INFO  Version                - Redisson 3.23.4
24-12-15.11:37:21.339 [redisson-netty-2-4] INFO  MasterPubSubConnectionPool - 1 connections initialized for 127.0.0.1/127.0.0.1:6379
24-12-15.11:37:21.348 [redisson-netty-2-13] INFO  MasterConnectionPool   - 5 connections initialized for 127.0.0.1/127.0.0.1:6379
24-12-15.11:37:23.569 [main            ] INFO  EndpointLinksResolver  - Exposing 1 endpoint(s) beneath base path '/actuator'
24-12-15.11:37:23.648 [main            ] INFO  StrategyRepositoryTest - Started StrategyRepositoryTest in 4.729 seconds (JVM running for 5.384)
24-12-15.11:41:01.147 [main            ] INFO  StrategyRepositoryTest - Starting StrategyRepositoryTest using Java 1.8.0_40 on guo with PID 31944 (started by 11148476 in D:\hoduan1\big-mark\big-mark-app)
24-12-15.11:41:01.147 [main            ] INFO  StrategyRepositoryTest - The following 1 profile is active: "dev"
24-12-15.11:41:01.843 [main            ] INFO  RepositoryConfigurationDelegate - Multiple Spring Data modules found, entering strict repository configuration mode
24-12-15.11:41:01.846 [main            ] INFO  RepositoryConfigurationDelegate - Bootstrapping Spring Data Redis repositories in DEFAULT mode.
24-12-15.11:41:01.874 [main            ] INFO  RepositoryConfigurationDelegate - Finished Spring Data repository scanning in 16 ms. Found 0 Redis repository interfaces.
24-12-15.11:41:11.486 [main            ] INFO  Version                - Redisson 3.23.4
24-12-15.11:41:11.978 [redisson-netty-2-4] INFO  MasterPubSubConnectionPool - 1 connections initialized for 127.0.0.1/127.0.0.1:6379
24-12-15.11:41:11.999 [redisson-netty-2-13] INFO  MasterConnectionPool   - 5 connections initialized for 127.0.0.1/127.0.0.1:6379
24-12-15.11:41:16.175 [main            ] INFO  EndpointLinksResolver  - Exposing 1 endpoint(s) beneath base path '/actuator'
24-12-15.11:41:16.302 [main            ] INFO  StrategyRepositoryTest - Started StrategyRepositoryTest in 15.517 seconds (JVM running for 16.369)
24-12-15.11:41:25.318 [main            ] INFO  StrategyRepositoryTest - Starting StrategyRepositoryTest using Java 1.8.0_40 on guo with PID 26480 (started by 11148476 in D:\hoduan1\big-mark\big-mark-app)
24-12-15.11:41:25.318 [main            ] INFO  StrategyRepositoryTest - The following 1 profile is active: "dev"
24-12-15.11:41:26.032 [main            ] INFO  RepositoryConfigurationDelegate - Multiple Spring Data modules found, entering strict repository configuration mode
24-12-15.11:41:26.032 [main            ] INFO  RepositoryConfigurationDelegate - Bootstrapping Spring Data Redis repositories in DEFAULT mode.
24-12-15.11:41:26.064 [main            ] INFO  RepositoryConfigurationDelegate - Finished Spring Data repository scanning in 18 ms. Found 0 Redis repository interfaces.
24-12-15.11:41:27.151 [main            ] INFO  Version                - Redisson 3.23.4
24-12-15.11:41:27.681 [redisson-netty-2-4] INFO  MasterPubSubConnectionPool - 1 connections initialized for 127.0.0.1/127.0.0.1:6379
24-12-15.11:41:27.697 [redisson-netty-2-13] INFO  MasterConnectionPool   - 5 connections initialized for 127.0.0.1/127.0.0.1:6379
24-12-15.11:41:30.151 [main            ] INFO  EndpointLinksResolver  - Exposing 1 endpoint(s) beneath base path '/actuator'
24-12-15.11:41:30.222 [main            ] INFO  StrategyRepositoryTest - Started StrategyRepositoryTest in 5.214 seconds (JVM running for 5.936)
24-12-15.11:41:30.652 [redisson-netty-2-2] ERROR CommandDecoder         - Unable to decode data. channel: [id: 0x18aa4b55, L:/127.0.0.1:2964 - R:127.0.0.1/127.0.0.1:6379], reply: ReplayingDecoderByteBuf(ridx=7, widx=7), command: (GET), promise: java.util.concurrent.CompletableFuture@699e94e[Not completed, 1 dependents], params: [strategy_award_count_key_300001_102]
com.esotericsoftware.kryo.KryoException: Encountered unregistered class ID: 55
	at com.esotericsoftware.kryo.util.DefaultClassResolver.readClass(DefaultClassResolver.java:159)
	at com.esotericsoftware.kryo.Kryo.readClass(Kryo.java:758)
	at com.esotericsoftware.kryo.Kryo.readClassAndObject(Kryo.java:869)
	at org.redisson.codec.Kryo5Codec$4.decode(Kryo5Codec.java:144)
	at org.redisson.client.handler.CommandDecoder.decode(CommandDecoder.java:394)
	at org.redisson.client.handler.CommandDecoder.decodeCommand(CommandDecoder.java:205)
	at org.redisson.client.handler.CommandDecoder.decode(CommandDecoder.java:144)
	at org.redisson.client.handler.CommandDecoder.decode(CommandDecoder.java:120)
	at io.netty.handler.codec.ByteToMessageDecoder.decodeRemovalReentryProtection(ByteToMessageDecoder.java:529)
	at io.netty.handler.codec.ReplayingDecoder.callDecode(ReplayingDecoder.java:366)
	at io.netty.handler.codec.ByteToMessageDecoder.channelRead(ByteToMessageDecoder.java:290)
	at io.netty.channel.AbstractChannelHandlerContext.invokeChannelRead(AbstractChannelHandlerContext.java:444)
	at io.netty.channel.AbstractChannelHandlerContext.invokeChannelRead(AbstractChannelHandlerContext.java:420)
	at io.netty.channel.AbstractChannelHandlerContext.fireChannelRead(AbstractChannelHandlerContext.java:412)
	at io.netty.channel.DefaultChannelPipeline$HeadContext.channelRead(DefaultChannelPipeline.java:1410)
	at io.netty.channel.AbstractChannelHandlerContext.invokeChannelRead(AbstractChannelHandlerContext.java:440)
	at io.netty.channel.AbstractChannelHandlerContext.invokeChannelRead(AbstractChannelHandlerContext.java:420)
	at io.netty.channel.DefaultChannelPipeline.fireChannelRead(DefaultChannelPipeline.java:919)
	at io.netty.channel.nio.AbstractNioByteChannel$NioByteUnsafe.read(AbstractNioByteChannel.java:166)
	at io.netty.channel.nio.NioEventLoop.processSelectedKey(NioEventLoop.java:788)
	at io.netty.channel.nio.NioEventLoop.processSelectedKeysOptimized(NioEventLoop.java:724)
	at io.netty.channel.nio.NioEventLoop.processSelectedKeys(NioEventLoop.java:650)
	at io.netty.channel.nio.NioEventLoop.run(NioEventLoop.java:562)
	at io.netty.util.concurrent.SingleThreadEventExecutor$4.run(SingleThreadEventExecutor.java:997)
	at io.netty.util.internal.ThreadExecutorMap$2.run(ThreadExecutorMap.java:74)
	at io.netty.util.concurrent.FastThreadLocalRunnable.run(FastThreadLocalRunnable.java:30)
	at java.lang.Thread.run(Thread.java:745)
24-12-15.11:41:30.669 [redisson-netty-2-2] ERROR ErrorsLoggingHandler   - Exception occured. Channel: [id: 0x18aa4b55, L:/127.0.0.1:2964 - R:127.0.0.1/127.0.0.1:6379]
io.netty.handler.codec.DecoderException: com.esotericsoftware.kryo.KryoException: Encountered unregistered class ID: 55
	at io.netty.handler.codec.ReplayingDecoder.callDecode(ReplayingDecoder.java:421)
	at io.netty.handler.codec.ByteToMessageDecoder.channelRead(ByteToMessageDecoder.java:290)
	at io.netty.channel.AbstractChannelHandlerContext.invokeChannelRead(AbstractChannelHandlerContext.java:444)
	at io.netty.channel.AbstractChannelHandlerContext.invokeChannelRead(AbstractChannelHandlerContext.java:420)
	at io.netty.channel.AbstractChannelHandlerContext.fireChannelRead(AbstractChannelHandlerContext.java:412)
	at io.netty.channel.DefaultChannelPipeline$HeadContext.channelRead(DefaultChannelPipeline.java:1410)
	at io.netty.channel.AbstractChannelHandlerContext.invokeChannelRead(AbstractChannelHandlerContext.java:440)
	at io.netty.channel.AbstractChannelHandlerContext.invokeChannelRead(AbstractChannelHandlerContext.java:420)
	at io.netty.channel.DefaultChannelPipeline.fireChannelRead(DefaultChannelPipeline.java:919)
	at io.netty.channel.nio.AbstractNioByteChannel$NioByteUnsafe.read(AbstractNioByteChannel.java:166)
	at io.netty.channel.nio.NioEventLoop.processSelectedKey(NioEventLoop.java:788)
	at io.netty.channel.nio.NioEventLoop.processSelectedKeysOptimized(NioEventLoop.java:724)
	at io.netty.channel.nio.NioEventLoop.processSelectedKeys(NioEventLoop.java:650)
	at io.netty.channel.nio.NioEventLoop.run(NioEventLoop.java:562)
	at io.netty.util.concurrent.SingleThreadEventExecutor$4.run(SingleThreadEventExecutor.java:997)
	at io.netty.util.internal.ThreadExecutorMap$2.run(ThreadExecutorMap.java:74)
	at io.netty.util.concurrent.FastThreadLocalRunnable.run(FastThreadLocalRunnable.java:30)
	at java.lang.Thread.run(Thread.java:745)
Caused by: com.esotericsoftware.kryo.KryoException: Encountered unregistered class ID: 55
	at com.esotericsoftware.kryo.util.DefaultClassResolver.readClass(DefaultClassResolver.java:159)
	at com.esotericsoftware.kryo.Kryo.readClass(Kryo.java:758)
	at com.esotericsoftware.kryo.Kryo.readClassAndObject(Kryo.java:869)
	at org.redisson.codec.Kryo5Codec$4.decode(Kryo5Codec.java:144)
	at org.redisson.client.handler.CommandDecoder.decode(CommandDecoder.java:394)
	at org.redisson.client.handler.CommandDecoder.decodeCommand(CommandDecoder.java:205)
	at org.redisson.client.handler.CommandDecoder.decode(CommandDecoder.java:144)
	at org.redisson.client.handler.CommandDecoder.decode(CommandDecoder.java:120)
	at io.netty.handler.codec.ByteToMessageDecoder.decodeRemovalReentryProtection(ByteToMessageDecoder.java:529)
	at io.netty.handler.codec.ReplayingDecoder.callDecode(ReplayingDecoder.java:366)
	... 17 common frames omitted
24-12-15.11:42:51.217 [main            ] INFO  StrategyRepositoryTest - Starting StrategyRepositoryTest using Java 1.8.0_40 on guo with PID 33952 (started by 11148476 in D:\hoduan1\big-mark\big-mark-app)
24-12-15.11:42:51.217 [main            ] INFO  StrategyRepositoryTest - The following 1 profile is active: "dev"
24-12-15.11:42:51.900 [main            ] INFO  RepositoryConfigurationDelegate - Multiple Spring Data modules found, entering strict repository configuration mode
24-12-15.11:42:51.900 [main            ] INFO  RepositoryConfigurationDelegate - Bootstrapping Spring Data Redis repositories in DEFAULT mode.
24-12-15.11:42:51.923 [main            ] INFO  RepositoryConfigurationDelegate - Finished Spring Data repository scanning in 14 ms. Found 0 Redis repository interfaces.
24-12-15.11:42:52.983 [main            ] INFO  Version                - Redisson 3.23.4
24-12-15.11:42:53.471 [redisson-netty-2-4] INFO  MasterPubSubConnectionPool - 1 connections initialized for 127.0.0.1/127.0.0.1:6379
24-12-15.11:42:53.471 [redisson-netty-2-13] INFO  MasterConnectionPool   - 5 connections initialized for 127.0.0.1/127.0.0.1:6379
24-12-15.11:42:55.603 [main            ] INFO  EndpointLinksResolver  - Exposing 1 endpoint(s) beneath base path '/actuator'
24-12-15.11:42:55.683 [main            ] INFO  StrategyRepositoryTest - Started StrategyRepositoryTest in 4.751 seconds (JVM running for 5.404)
24-12-15.11:42:56.186 [main            ] INFO  StrategyRepositoryTest - 测试结果：9
24-12-15.11:44:02.029 [main            ] INFO  StrategyRepositoryTest - Starting StrategyRepositoryTest using Java 1.8.0_40 on guo with PID 29604 (started by 11148476 in D:\hoduan1\big-mark\big-mark-app)
24-12-15.11:44:02.029 [main            ] INFO  StrategyRepositoryTest - The following 1 profile is active: "dev"
24-12-15.11:44:02.757 [main            ] INFO  RepositoryConfigurationDelegate - Multiple Spring Data modules found, entering strict repository configuration mode
24-12-15.11:44:02.757 [main            ] INFO  RepositoryConfigurationDelegate - Bootstrapping Spring Data Redis repositories in DEFAULT mode.
24-12-15.11:44:02.788 [main            ] INFO  RepositoryConfigurationDelegate - Finished Spring Data repository scanning in 16 ms. Found 0 Redis repository interfaces.
24-12-15.11:44:03.775 [main            ] INFO  Version                - Redisson 3.23.4
24-12-15.11:44:04.259 [redisson-netty-2-4] INFO  MasterPubSubConnectionPool - 1 connections initialized for 127.0.0.1/127.0.0.1:6379
24-12-15.11:44:04.259 [redisson-netty-2-13] INFO  MasterConnectionPool   - 5 connections initialized for 127.0.0.1/127.0.0.1:6379
24-12-15.11:44:07.930 [main            ] INFO  EndpointLinksResolver  - Exposing 1 endpoint(s) beneath base path '/actuator'
24-12-15.11:44:08.183 [main            ] INFO  StrategyRepositoryTest - Started StrategyRepositoryTest in 6.512 seconds (JVM running for 7.325)
24-12-15.11:53:08.490 [main            ] INFO  StrategyRepositoryTest - Starting StrategyRepositoryTest using Java 1.8.0_40 on guo with PID 18552 (started by 11148476 in D:\hoduan1\big-mark\big-mark-app)
24-12-15.11:53:08.490 [main            ] INFO  StrategyRepositoryTest - The following 1 profile is active: "dev"
24-12-15.11:53:09.290 [main            ] INFO  RepositoryConfigurationDelegate - Multiple Spring Data modules found, entering strict repository configuration mode
24-12-15.11:53:09.291 [main            ] INFO  RepositoryConfigurationDelegate - Bootstrapping Spring Data Redis repositories in DEFAULT mode.
24-12-15.11:53:09.323 [main            ] INFO  RepositoryConfigurationDelegate - Finished Spring Data repository scanning in 16 ms. Found 0 Redis repository interfaces.
24-12-15.11:53:10.346 [main            ] INFO  Version                - Redisson 3.23.4
24-12-15.11:53:10.857 [redisson-netty-2-4] INFO  MasterPubSubConnectionPool - 1 connections initialized for 127.0.0.1/127.0.0.1:6379
24-12-15.11:53:10.857 [redisson-netty-2-13] INFO  MasterConnectionPool   - 5 connections initialized for 127.0.0.1/127.0.0.1:6379
24-12-15.11:53:14.544 [main            ] INFO  EndpointLinksResolver  - Exposing 1 endpoint(s) beneath base path '/actuator'
24-12-15.11:53:14.797 [main            ] INFO  StrategyRepositoryTest - Started StrategyRepositoryTest in 6.668 seconds (JVM running for 7.652)
24-12-15.11:55:42.065 [main            ] INFO  StrategyRepositoryTest - Starting StrategyRepositoryTest using Java 1.8.0_40 on guo with PID 14992 (started by 11148476 in D:\hoduan1\big-mark\big-mark-app)
24-12-15.11:55:42.066 [main            ] INFO  StrategyRepositoryTest - The following 1 profile is active: "dev"
24-12-15.11:55:42.817 [main            ] INFO  RepositoryConfigurationDelegate - Multiple Spring Data modules found, entering strict repository configuration mode
24-12-15.11:55:42.820 [main            ] INFO  RepositoryConfigurationDelegate - Bootstrapping Spring Data Redis repositories in DEFAULT mode.
24-12-15.11:55:42.851 [main            ] INFO  RepositoryConfigurationDelegate - Finished Spring Data repository scanning in 17 ms. Found 0 Redis repository interfaces.
24-12-15.11:55:43.938 [main            ] INFO  Version                - Redisson 3.23.4
24-12-15.11:55:44.453 [redisson-netty-2-4] INFO  MasterPubSubConnectionPool - 1 connections initialized for 127.0.0.1/127.0.0.1:6379
24-12-15.11:55:44.472 [redisson-netty-2-13] INFO  MasterConnectionPool   - 5 connections initialized for 127.0.0.1/127.0.0.1:6379
24-12-15.11:55:48.498 [main            ] INFO  EndpointLinksResolver  - Exposing 1 endpoint(s) beneath base path '/actuator'
24-12-15.11:55:48.569 [main            ] INFO  StrategyRepositoryTest - Started StrategyRepositoryTest in 6.878 seconds (JVM running for 7.755)
24-12-15.11:55:50.010 [scheduling-1    ] INFO  UpdateAwardStockJob    - 定时任务，更新奖品消耗库存【延迟队列获取，降低对数据库的更新频次，不要产生竞争】
24-12-15.11:55:55.006 [scheduling-1    ] INFO  UpdateAwardStockJob    - 定时任务，更新奖品消耗库存【延迟队列获取，降低对数据库的更新频次，不要产生竞争】
24-12-15.11:55:55.041 [scheduling-1    ] ERROR UpdateAwardStockJob    - 定时任务，更新奖品消耗库存失败
java.lang.ClassCastException: com.alibaba.fastjson.JSONObject cannot be cast to com.gjy.domain.strategy.model.valobj.StrategyAwardStockKeyVO
	at com.gjy.infrastructure.persistent.repository.StrategyRepository.takeQueueValue(StrategyRepository.java:235)
	at com.gjy.infrastructure.persistent.repository.StrategyRepository$$FastClassBySpringCGLIB$$ee9f2250.invoke(<generated>)
	at org.springframework.cglib.proxy.MethodProxy.invoke(MethodProxy.java:218)
	at org.springframework.aop.framework.CglibAopProxy$CglibMethodInvocation.invokeJoinpoint(CglibAopProxy.java:793)
	at org.springframework.aop.framework.ReflectiveMethodInvocation.proceed(ReflectiveMethodInvocation.java:163)
	at org.springframework.aop.framework.CglibAopProxy$CglibMethodInvocation.proceed(CglibAopProxy.java:763)
	at org.springframework.dao.support.PersistenceExceptionTranslationInterceptor.invoke(PersistenceExceptionTranslationInterceptor.java:137)
	at org.springframework.aop.framework.ReflectiveMethodInvocation.proceed(ReflectiveMethodInvocation.java:186)
	at org.springframework.aop.framework.CglibAopProxy$CglibMethodInvocation.proceed(CglibAopProxy.java:763)
	at org.springframework.aop.framework.CglibAopProxy$DynamicAdvisedInterceptor.intercept(CglibAopProxy.java:708)
	at com.gjy.infrastructure.persistent.repository.StrategyRepository$$EnhancerBySpringCGLIB$$81a036f9.takeQueueValue(<generated>)
	at com.gjy.domain.strategy.service.raffle.DefaultRaffleStrategy.takeQueueValue(DefaultRaffleStrategy.java:51)
	at com.gjy.trigger.job.UpdateAwardStockJob.exec(UpdateAwardStockJob.java:27)
	at sun.reflect.NativeMethodAccessorImpl.invoke0(Native Method)
	at sun.reflect.NativeMethodAccessorImpl.invoke(NativeMethodAccessorImpl.java:62)
	at sun.reflect.DelegatingMethodAccessorImpl.invoke(DelegatingMethodAccessorImpl.java:43)
	at java.lang.reflect.Method.invoke(Method.java:497)
	at org.springframework.scheduling.support.ScheduledMethodRunnable.run(ScheduledMethodRunnable.java:84)
	at org.springframework.scheduling.support.DelegatingErrorHandlingRunnable.run(DelegatingErrorHandlingRunnable.java:54)
	at org.springframework.scheduling.concurrent.ReschedulingRunnable.run(ReschedulingRunnable.java:95)
	at java.util.concurrent.Executors$RunnableAdapter.call(Executors.java:511)
	at java.util.concurrent.FutureTask.run$$$capture(FutureTask.java:266)
	at java.util.concurrent.FutureTask.run(FutureTask.java)
	at java.util.concurrent.ScheduledThreadPoolExecutor$ScheduledFutureTask.access$201(ScheduledThreadPoolExecutor.java:180)
	at java.util.concurrent.ScheduledThreadPoolExecutor$ScheduledFutureTask.run(ScheduledThreadPoolExecutor.java:293)
	at java.util.concurrent.ThreadPoolExecutor.runWorker(ThreadPoolExecutor.java:1142)
	at java.util.concurrent.ThreadPoolExecutor$Worker.run(ThreadPoolExecutor.java:617)
	at java.lang.Thread.run(Thread.java:745)
24-12-15.11:56:00.005 [scheduling-1    ] INFO  UpdateAwardStockJob    - 定时任务，更新奖品消耗库存【延迟队列获取，降低对数据库的更新频次，不要产生竞争】
24-12-15.11:56:05.008 [scheduling-1    ] INFO  UpdateAwardStockJob    - 定时任务，更新奖品消耗库存【延迟队列获取，降低对数据库的更新频次，不要产生竞争】
24-12-15.11:56:10.016 [scheduling-1    ] INFO  UpdateAwardStockJob    - 定时任务，更新奖品消耗库存【延迟队列获取，降低对数据库的更新频次，不要产生竞争】
24-12-15.11:56:15.008 [scheduling-1    ] INFO  UpdateAwardStockJob    - 定时任务，更新奖品消耗库存【延迟队列获取，降低对数据库的更新频次，不要产生竞争】
24-12-15.11:56:20.014 [scheduling-1    ] INFO  UpdateAwardStockJob    - 定时任务，更新奖品消耗库存【延迟队列获取，降低对数据库的更新频次，不要产生竞争】
24-12-15.11:56:25.003 [scheduling-1    ] INFO  UpdateAwardStockJob    - 定时任务，更新奖品消耗库存【延迟队列获取，降低对数据库的更新频次，不要产生竞争】
24-12-15.11:56:30.014 [scheduling-1    ] INFO  UpdateAwardStockJob    - 定时任务，更新奖品消耗库存【延迟队列获取，降低对数据库的更新频次，不要产生竞争】
24-12-15.11:56:35.015 [scheduling-1    ] INFO  UpdateAwardStockJob    - 定时任务，更新奖品消耗库存【延迟队列获取，降低对数据库的更新频次，不要产生竞争】
